<?xml version="1.0" encoding="UTF-8"?>
<coverage generated="1752449027493" clover="3.2.0">
  <project timestamp="1752449027493" name="All files">
    <metrics statements="675" coveredstatements="494" conditionals="109" coveredconditionals="71" methods="32" coveredmethods="18" elements="816" coveredelements="583" complexity="0" loc="675" ncloc="675" packages="3" files="8" classes="8"/>
    <package name="frontend">
      <metrics statements="21" coveredstatements="0" conditionals="2" coveredconditionals="0" methods="2" coveredmethods="0"/>
      <file name="postcss.config.js" path="/Users/scott/Documents/Projects/guest-parking/frontend/postcss.config.js">
        <metrics statements="6" coveredstatements="0" conditionals="1" coveredconditionals="0" methods="1" coveredmethods="0"/>
        <line num="1" count="0" type="cond" truecount="0" falsecount="1"/>
        <line num="2" count="0" type="stmt"/>
        <line num="3" count="0" type="stmt"/>
        <line num="4" count="0" type="stmt"/>
        <line num="5" count="0" type="stmt"/>
        <line num="6" count="0" type="stmt"/>
      </file>
      <file name="tailwind.config.js" path="/Users/scott/Documents/Projects/guest-parking/frontend/tailwind.config.js">
        <metrics statements="15" coveredstatements="0" conditionals="1" coveredconditionals="0" methods="1" coveredmethods="0"/>
        <line num="1" count="0" type="cond" truecount="0" falsecount="1"/>
        <line num="2" count="0" type="stmt"/>
        <line num="3" count="0" type="stmt"/>
        <line num="4" count="0" type="stmt"/>
        <line num="5" count="0" type="stmt"/>
        <line num="6" count="0" type="stmt"/>
        <line num="7" count="0" type="stmt"/>
        <line num="8" count="0" type="stmt"/>
        <line num="9" count="0" type="stmt"/>
        <line num="10" count="0" type="stmt"/>
        <line num="11" count="0" type="stmt"/>
        <line num="12" count="0" type="stmt"/>
        <line num="13" count="0" type="stmt"/>
        <line num="14" count="0" type="stmt"/>
        <line num="15" count="0" type="stmt"/>
      </file>
    </package>
    <package name="frontend.src">
      <metrics statements="624" coveredstatements="464" conditionals="103" coveredconditionals="67" methods="27" coveredmethods="15"/>
      <file name="AdminPage.jsx" path="/Users/scott/Documents/Projects/guest-parking/frontend/src/AdminPage.jsx">
        <metrics statements="266" coveredstatements="220" conditionals="42" coveredconditionals="25" methods="15" coveredmethods="9"/>
        <line num="1" count="1" type="stmt"/>
        <line num="14" count="1" type="stmt"/>
        <line num="15" count="1" type="stmt"/>
        <line num="16" count="1" type="stmt"/>
        <line num="18" count="1" type="stmt"/>
        <line num="19" count="1" type="stmt"/>
        <line num="20" count="1" type="stmt"/>
        <line num="21" count="1" type="stmt"/>
        <line num="22" count="1" type="stmt"/>
        <line num="23" count="1" type="stmt"/>
        <line num="24" count="1" type="stmt"/>
        <line num="26" count="1" type="stmt"/>
        <line num="29" count="5" type="cond" truecount="1" falsecount="0"/>
        <line num="30" count="5" type="stmt"/>
        <line num="31" count="5" type="cond" truecount="0" falsecount="1"/>
        <line num="32" count="5" type="cond" truecount="0" falsecount="1"/>
        <line num="33" count="5" type="cond" truecount="0" falsecount="1"/>
        <line num="35" count="5" type="stmt"/>
        <line num="36" count="5" type="stmt"/>
        <line num="38" count="0" type="stmt"/>
        <line num="39" count="0" type="stmt"/>
        <line num="40" count="0" type="stmt"/>
        <line num="41" count="0" type="stmt"/>
        <line num="42" count="0" type="stmt"/>
        <line num="44" count="35" type="cond" truecount="1" falsecount="0"/>
        <line num="45" count="35" type="stmt"/>
        <line num="46" count="35" type="stmt"/>
        <line num="47" count="35" type="stmt"/>
        <line num="48" count="35" type="stmt"/>
        <line num="49" count="35" type="stmt"/>
        <line num="50" count="35" type="stmt"/>
        <line num="51" count="35" type="stmt"/>
        <line num="52" count="35" type="stmt"/>
        <line num="53" count="35" type="stmt"/>
        <line num="55" count="35" type="cond" truecount="1" falsecount="0"/>
        <line num="56" count="9" type="cond" truecount="1" falsecount="0"/>
        <line num="57" count="8" type="stmt"/>
        <line num="58" count="8" type="stmt"/>
        <line num="59" count="9" type="cond" truecount="1" falsecount="0"/>
        <line num="60" count="1" type="stmt"/>
        <line num="61" count="1" type="stmt"/>
        <line num="62" count="9" type="stmt"/>
        <line num="64" count="35" type="cond" truecount="1" falsecount="0"/>
        <line num="65" count="1" type="stmt"/>
        <line num="66" count="1" type="stmt"/>
        <line num="68" count="35" type="cond" truecount="1" falsecount="0"/>
        <line num="69" count="8" type="stmt"/>
        <line num="70" count="8" type="cond" truecount="1" falsecount="0"/>
        <line num="71" count="7" type="stmt"/>
        <line num="72" count="7" type="stmt"/>
        <line num="73" count="7" type="cond" truecount="0" falsecount="1"/>
        <line num="74" count="8" type="cond" truecount="0" falsecount="1"/>
        <line num="75" count="0" type="stmt"/>
        <line num="76" count="0" type="stmt"/>
        <line num="77" count="8" type="cond" truecount="1" falsecount="0"/>
        <line num="78" count="1" type="stmt"/>
        <line num="79" count="1" type="stmt"/>
        <line num="80" count="8" type="stmt"/>
        <line num="82" count="35" type="cond" truecount="1" falsecount="0"/>
        <line num="83" count="1" type="cond" truecount="0" falsecount="1"/>
        <line num="84" count="1" type="cond" truecount="0" falsecount="1"/>
        <line num="85" count="1" type="stmt"/>
        <line num="86" count="1" type="stmt"/>
        <line num="87" count="1" type="stmt"/>
        <line num="88" count="1" type="stmt"/>
        <line num="89" count="1" type="stmt"/>
        <line num="90" count="1" type="cond" truecount="0" falsecount="1"/>
        <line num="91" count="0" type="stmt"/>
        <line num="92" count="0" type="stmt"/>
        <line num="93" count="0" type="stmt"/>
        <line num="94" count="1" type="stmt"/>
        <line num="95" count="1" type="stmt"/>
        <line num="96" count="1" type="cond" truecount="2" falsecount="0"/>
        <line num="97" count="1" type="cond" truecount="0" falsecount="1"/>
        <line num="98" count="0" type="stmt"/>
        <line num="99" count="0" type="stmt"/>
        <line num="100" count="0" type="stmt"/>
        <line num="101" count="1" type="stmt"/>
        <line num="103" count="35" type="stmt"/>
        <line num="104" count="0" type="stmt"/>
        <line num="105" count="0" type="stmt"/>
        <line num="106" count="0" type="stmt"/>
        <line num="107" count="0" type="stmt"/>
        <line num="108" count="0" type="stmt"/>
        <line num="109" count="0" type="stmt"/>
        <line num="110" count="0" type="stmt"/>
        <line num="112" count="35" type="cond" truecount="1" falsecount="0"/>
        <line num="113" count="17" type="cond" truecount="1" falsecount="0"/>
        <line num="114" count="35" type="stmt"/>
        <line num="117" count="35" type="cond" truecount="1" falsecount="0"/>
        <line num="118" count="5" type="stmt"/>
        <line num="119" count="5" type="cond" truecount="0" falsecount="1"/>
        <line num="120" count="5" type="stmt"/>
        <line num="121" count="5" type="stmt"/>
        <line num="122" count="5" type="stmt"/>
        <line num="123" count="5" type="stmt"/>
        <line num="124" count="35" type="stmt"/>
        <line num="126" count="35" type="stmt"/>
        <line num="128" count="35" type="cond" truecount="1" falsecount="0"/>
        <line num="129" count="19" type="stmt"/>
        <line num="130" count="19" type="stmt"/>
        <line num="131" count="19" type="stmt"/>
        <line num="132" count="19" type="stmt"/>
        <line num="133" count="19" type="stmt"/>
        <line num="135" count="19" type="stmt"/>
        <line num="136" count="19" type="stmt"/>
        <line num="137" count="19" type="stmt"/>
        <line num="138" count="19" type="stmt"/>
        <line num="139" count="19" type="stmt"/>
        <line num="140" count="19" type="stmt"/>
        <line num="141" count="19" type="stmt"/>
        <line num="142" count="19" type="stmt"/>
        <line num="143" count="19" type="cond" truecount="1" falsecount="0"/>
        <line num="144" count="19" type="stmt"/>
        <line num="145" count="19" type="stmt"/>
        <line num="146" count="19" type="stmt"/>
        <line num="147" count="19" type="stmt"/>
        <line num="148" count="19" type="cond" truecount="1" falsecount="0"/>
        <line num="149" count="19" type="stmt"/>
        <line num="150" count="19" type="stmt"/>
        <line num="152" count="19" type="cond" truecount="1" falsecount="0"/>
        <line num="155" count="16" type="stmt"/>
        <line num="156" count="16" type="cond" truecount="1" falsecount="0"/>
        <line num="157" count="5" type="stmt"/>
        <line num="158" count="5" type="stmt"/>
        <line num="159" count="5" type="stmt"/>
        <line num="160" count="5" type="stmt"/>
        <line num="161" count="5" type="cond" truecount="0" falsecount="1"/>
        <line num="162" count="5" type="cond" truecount="0" falsecount="1"/>
        <line num="163" count="5" type="cond" truecount="0" falsecount="1"/>
        <line num="164" count="5" type="cond" truecount="0" falsecount="1"/>
        <line num="165" count="5" type="stmt"/>
        <line num="166" count="5" type="stmt"/>
        <line num="167" count="5" type="stmt"/>
        <line num="168" count="5" type="stmt"/>
        <line num="169" count="5" type="stmt"/>
        <line num="170" count="5" type="stmt"/>
        <line num="171" count="5" type="stmt"/>
        <line num="172" count="5" type="stmt"/>
        <line num="173" count="5" type="stmt"/>
        <line num="174" count="5" type="stmt"/>
        <line num="175" count="5" type="stmt"/>
        <line num="176" count="5" type="stmt"/>
        <line num="177" count="5" type="stmt"/>
        <line num="178" count="5" type="stmt"/>
        <line num="179" count="5" type="stmt"/>
        <line num="180" count="5" type="cond" truecount="0" falsecount="1"/>
        <line num="181" count="0" type="stmt"/>
        <line num="182" count="0" type="stmt"/>
        <line num="183" count="0" type="stmt"/>
        <line num="184" count="5" type="stmt"/>
        <line num="185" count="16" type="stmt"/>
        <line num="186" count="16" type="stmt"/>
        <line num="188" count="16" type="stmt"/>
        <line num="189" count="16" type="stmt"/>
        <line num="190" count="16" type="stmt"/>
        <line num="192" count="16" type="stmt"/>
        <line num="193" count="16" type="stmt"/>
        <line num="194" count="16" type="stmt"/>
        <line num="196" count="16" type="stmt"/>
        <line num="197" count="16" type="stmt"/>
        <line num="198" count="16" type="stmt"/>
        <line num="199" count="16" type="stmt"/>
        <line num="201" count="16" type="stmt"/>
        <line num="202" count="16" type="stmt"/>
        <line num="203" count="16" type="stmt"/>
        <line num="204" count="16" type="stmt"/>
        <line num="205" count="16" type="stmt"/>
        <line num="206" count="16" type="stmt"/>
        <line num="207" count="16" type="stmt"/>
        <line num="208" count="16" type="stmt"/>
        <line num="209" count="16" type="stmt"/>
        <line num="210" count="16" type="stmt"/>
        <line num="211" count="16" type="stmt"/>
        <line num="212" count="16" type="stmt"/>
        <line num="213" count="16" type="stmt"/>
        <line num="214" count="0" type="stmt"/>
        <line num="215" count="0" type="stmt"/>
        <line num="216" count="0" type="stmt"/>
        <line num="217" count="16" type="stmt"/>
        <line num="218" count="16" type="stmt"/>
        <line num="219" count="16" type="stmt"/>
        <line num="220" count="16" type="stmt"/>
        <line num="221" count="16" type="stmt"/>
        <line num="222" count="16" type="stmt"/>
        <line num="224" count="16" type="stmt"/>
        <line num="225" count="16" type="stmt"/>
        <line num="226" count="16" type="stmt"/>
        <line num="227" count="16" type="stmt"/>
        <line num="228" count="16" type="stmt"/>
        <line num="229" count="16" type="cond" truecount="1" falsecount="0"/>
        <line num="230" count="5" type="stmt"/>
        <line num="231" count="5" type="stmt"/>
        <line num="232" count="5" type="cond" truecount="1" falsecount="0"/>
        <line num="234" count="10" type="cond" truecount="1" falsecount="0"/>
        <line num="235" count="10" type="stmt"/>
        <line num="236" count="5" type="stmt"/>
        <line num="237" count="5" type="stmt"/>
        <line num="238" count="5" type="cond" truecount="1" falsecount="1"/>
        <line num="239" count="5" type="stmt"/>
        <line num="240" count="5" type="stmt"/>
        <line num="242" count="5" type="stmt"/>
        <line num="243" count="5" type="cond" truecount="0" falsecount="1"/>
        <line num="244" count="0" type="stmt"/>
        <line num="245" count="0" type="stmt"/>
        <line num="246" count="0" type="stmt"/>
        <line num="247" count="0" type="stmt"/>
        <line num="248" count="0" type="stmt"/>
        <line num="249" count="0" type="stmt"/>
        <line num="250" count="0" type="stmt"/>
        <line num="251" count="0" type="stmt"/>
        <line num="252" count="0" type="stmt"/>
        <line num="253" count="0" type="stmt"/>
        <line num="254" count="0" type="stmt"/>
        <line num="255" count="0" type="stmt"/>
        <line num="256" count="0" type="stmt"/>
        <line num="257" count="0" type="stmt"/>
        <line num="258" count="0" type="stmt"/>
        <line num="259" count="0" type="stmt"/>
        <line num="260" count="0" type="stmt"/>
        <line num="262" count="0" type="stmt"/>
        <line num="263" count="0" type="stmt"/>
        <line num="264" count="0" type="stmt"/>
        <line num="266" count="5" type="stmt"/>
        <line num="267" count="5" type="stmt"/>
        <line num="268" count="5" type="stmt"/>
        <line num="269" count="5" type="stmt"/>
        <line num="270" count="5" type="stmt"/>
        <line num="271" count="5" type="stmt"/>
        <line num="272" count="5" type="stmt"/>
        <line num="273" count="5" type="stmt"/>
        <line num="274" count="5" type="cond" truecount="1" falsecount="0"/>
        <line num="275" count="5" type="stmt"/>
        <line num="276" count="5" type="stmt"/>
        <line num="277" count="5" type="stmt"/>
        <line num="279" count="5" type="stmt"/>
        <line num="280" count="5" type="stmt"/>
        <line num="281" count="5" type="stmt"/>
        <line num="283" count="5" type="stmt"/>
        <line num="284" count="5" type="stmt"/>
        <line num="285" count="5" type="stmt"/>
        <line num="286" count="5" type="stmt"/>
        <line num="287" count="5" type="stmt"/>
        <line num="288" count="5" type="stmt"/>
        <line num="289" count="5" type="stmt"/>
        <line num="290" count="5" type="stmt"/>
        <line num="291" count="5" type="stmt"/>
        <line num="292" count="5" type="stmt"/>
        <line num="293" count="5" type="stmt"/>
        <line num="294" count="5" type="stmt"/>
        <line num="295" count="5" type="stmt"/>
        <line num="296" count="5" type="stmt"/>
        <line num="297" count="5" type="stmt"/>
        <line num="298" count="5" type="stmt"/>
        <line num="299" count="5" type="stmt"/>
        <line num="300" count="5" type="stmt"/>
        <line num="301" count="5" type="stmt"/>
        <line num="302" count="5" type="stmt"/>
        <line num="303" count="5" type="stmt"/>
        <line num="304" count="16" type="stmt"/>
        <line num="305" count="16" type="stmt"/>
        <line num="306" count="16" type="stmt"/>
        <line num="307" count="16" type="stmt"/>
        <line num="326" count="16" type="stmt"/>
        <line num="327" count="16" type="stmt"/>
        <line num="329" count="16" type="stmt"/>
      </file>
      <file name="App.jsx" path="/Users/scott/Documents/Projects/guest-parking/frontend/src/App.jsx">
        <metrics statements="341" coveredstatements="244" conditionals="60" coveredconditionals="42" methods="11" coveredmethods="6"/>
        <line num="1" count="1" type="stmt"/>
        <line num="12" count="1" type="stmt"/>
        <line num="13" count="1" type="stmt"/>
        <line num="15" count="62" type="cond" truecount="1" falsecount="0"/>
        <line num="16" count="62" type="stmt"/>
        <line num="18" count="62" type="cond" truecount="0" falsecount="1"/>
        <line num="19" count="0" type="stmt"/>
        <line num="20" count="0" type="stmt"/>
        <line num="21" count="0" type="stmt"/>
        <line num="22" count="0" type="stmt"/>
        <line num="23" count="0" type="stmt"/>
        <line num="25" count="0" type="stmt"/>
        <line num="27" count="62" type="stmt"/>
        <line num="28" count="62" type="stmt"/>
        <line num="29" count="62" type="stmt"/>
        <line num="30" count="62" type="stmt"/>
        <line num="31" count="62" type="stmt"/>
        <line num="32" count="62" type="stmt"/>
        <line num="33" count="62" type="stmt"/>
        <line num="34" count="62" type="stmt"/>
        <line num="35" count="62" type="stmt"/>
        <line num="36" count="62" type="stmt"/>
        <line num="37" count="62" type="stmt"/>
        <line num="38" count="62" type="stmt"/>
        <line num="39" count="62" type="stmt"/>
        <line num="40" count="62" type="stmt"/>
        <line num="41" count="62" type="stmt"/>
        <line num="42" count="62" type="stmt"/>
        <line num="44" count="62" type="cond" truecount="1" falsecount="0"/>
        <line num="45" count="10" type="stmt"/>
        <line num="46" count="10" type="cond" truecount="0" falsecount="1"/>
        <line num="47" count="0" type="stmt"/>
        <line num="48" count="10" type="cond" truecount="0" falsecount="1"/>
        <line num="50" count="0" type="stmt"/>
        <line num="51" count="0" type="stmt"/>
        <line num="52" count="0" type="stmt"/>
        <line num="53" count="0" type="stmt"/>
        <line num="54" count="0" type="stmt"/>
        <line num="57" count="0" type="stmt"/>
        <line num="58" count="0" type="stmt"/>
        <line num="59" count="0" type="stmt"/>
        <line num="60" count="0" type="stmt"/>
        <line num="61" count="0" type="stmt"/>
        <line num="62" count="0" type="stmt"/>
        <line num="63" count="0" type="stmt"/>
        <line num="64" count="0" type="stmt"/>
        <line num="65" count="0" type="stmt"/>
        <line num="67" count="0" type="stmt"/>
        <line num="68" count="0" type="stmt"/>
        <line num="69" count="0" type="stmt"/>
        <line num="70" count="0" type="stmt"/>
        <line num="71" count="10" type="stmt"/>
        <line num="73" count="10" type="stmt"/>
        <line num="74" count="10" type="stmt"/>
        <line num="75" count="10" type="stmt"/>
        <line num="76" count="10" type="stmt"/>
        <line num="77" count="10" type="stmt"/>
        <line num="78" count="10" type="cond" truecount="1" falsecount="0"/>
        <line num="79" count="9" type="cond" truecount="0" falsecount="1"/>
        <line num="80" count="10" type="cond" truecount="1" falsecount="0"/>
        <line num="81" count="1" type="stmt"/>
        <line num="82" count="1" type="stmt"/>
        <line num="83" count="10" type="cond" truecount="0" falsecount="1"/>
        <line num="84" count="0" type="stmt"/>
        <line num="85" count="0" type="stmt"/>
        <line num="86" count="10" type="stmt"/>
        <line num="87" count="10" type="stmt"/>
        <line num="89" count="62" type="cond" truecount="1" falsecount="0"/>
        <line num="90" count="10" type="stmt"/>
        <line num="91" count="62" type="stmt"/>
        <line num="93" count="62" type="cond" truecount="1" falsecount="0"/>
        <line num="94" count="35" type="stmt"/>
        <line num="95" count="35" type="stmt"/>
        <line num="97" count="62" type="cond" truecount="1" falsecount="0"/>
        <line num="98" count="6" type="cond" truecount="1" falsecount="0"/>
        <line num="99" count="1" type="stmt"/>
        <line num="100" count="1" type="stmt"/>
        <line num="101" count="1" type="cond" truecount="1" falsecount="0"/>
        <line num="103" count="6" type="cond" truecount="1" falsecount="0"/>
        <line num="104" count="29" type="cond" truecount="1" falsecount="0"/>
        <line num="105" count="1" type="stmt"/>
        <line num="106" count="1" type="stmt"/>
        <line num="107" count="1" type="stmt"/>
        <line num="108" count="29" type="cond" truecount="1" falsecount="0"/>
        <line num="110" count="4" type="stmt"/>
        <line num="111" count="6" type="cond" truecount="1" falsecount="0"/>
        <line num="112" count="2" type="stmt"/>
        <line num="113" count="2" type="stmt"/>
        <line num="114" count="2" type="stmt"/>
        <line num="116" count="2" type="stmt"/>
        <line num="119" count="2" type="cond" truecount="1" falsecount="0"/>
        <line num="120" count="1" type="stmt"/>
        <line num="121" count="1" type="stmt"/>
        <line num="122" count="1" type="stmt"/>
        <line num="123" count="1" type="stmt"/>
        <line num="124" count="1" type="stmt"/>
        <line num="125" count="1" type="stmt"/>
        <line num="126" count="1" type="stmt"/>
        <line num="127" count="1" type="stmt"/>
        <line num="128" count="1" type="stmt"/>
        <line num="129" count="1" type="stmt"/>
        <line num="131" count="2" type="stmt"/>
        <line num="132" count="2" type="stmt"/>
        <line num="133" count="2" type="stmt"/>
        <line num="134" count="6" type="cond" truecount="0" falsecount="2"/>
        <line num="135" count="0" type="stmt"/>
        <line num="136" count="0" type="stmt"/>
        <line num="137" count="0" type="stmt"/>
        <line num="138" count="0" type="stmt"/>
        <line num="139" count="0" type="stmt"/>
        <line num="140" count="0" type="cond" truecount="1" falsecount="0"/>
        <line num="143" count="2" type="stmt"/>
        <line num="144" count="2" type="stmt"/>
        <line num="145" count="2" type="stmt"/>
        <line num="146" count="2" type="stmt"/>
        <line num="147" count="2" type="cond" truecount="2" falsecount="0"/>
        <line num="148" count="1" type="stmt"/>
        <line num="149" count="1" type="stmt"/>
        <line num="150" count="2" type="stmt"/>
        <line num="151" count="6" type="cond" truecount="1" falsecount="0"/>
        <line num="152" count="1" type="stmt"/>
        <line num="153" count="1" type="stmt"/>
        <line num="154" count="1" type="stmt"/>
        <line num="155" count="1" type="stmt"/>
        <line num="157" count="1" type="stmt"/>
        <line num="158" count="6" type="cond" truecount="0" falsecount="2"/>
        <line num="160" count="0" type="stmt"/>
        <line num="161" count="0" type="stmt"/>
        <line num="162" count="0" type="stmt"/>
        <line num="163" count="0" type="stmt"/>
        <line num="164" count="0" type="stmt"/>
        <line num="165" count="0" type="stmt"/>
        <line num="166" count="0" type="stmt"/>
        <line num="167" count="0" type="stmt"/>
        <line num="168" count="0" type="stmt"/>
        <line num="169" count="0" type="stmt"/>
        <line num="170" count="0" type="stmt"/>
        <line num="171" count="0" type="stmt"/>
        <line num="172" count="0" type="stmt"/>
        <line num="173" count="0" type="stmt"/>
        <line num="174" count="0" type="stmt"/>
        <line num="175" count="0" type="stmt"/>
        <line num="176" count="0" type="stmt"/>
        <line num="177" count="0" type="stmt"/>
        <line num="178" count="0" type="stmt"/>
        <line num="179" count="0" type="stmt"/>
        <line num="180" count="0" type="stmt"/>
        <line num="181" count="0" type="stmt"/>
        <line num="182" count="0" type="stmt"/>
        <line num="183" count="0" type="stmt"/>
        <line num="184" count="0" type="stmt"/>
        <line num="185" count="0" type="stmt"/>
        <line num="186" count="0" type="stmt"/>
        <line num="187" count="0" type="stmt"/>
        <line num="188" count="0" type="stmt"/>
        <line num="189" count="0" type="stmt"/>
        <line num="190" count="0" type="stmt"/>
        <line num="191" count="6" type="cond" truecount="1" falsecount="0"/>
        <line num="193" count="1" type="stmt"/>
        <line num="194" count="1" type="stmt"/>
        <line num="195" count="1" type="stmt"/>
        <line num="196" count="1" type="stmt"/>
        <line num="197" count="1" type="stmt"/>
        <line num="198" count="1" type="stmt"/>
        <line num="199" count="1" type="cond" truecount="0" falsecount="1"/>
        <line num="200" count="0" type="stmt"/>
        <line num="201" count="0" type="stmt"/>
        <line num="202" count="0" type="stmt"/>
        <line num="203" count="0" type="stmt"/>
        <line num="204" count="0" type="stmt"/>
        <line num="205" count="0" type="stmt"/>
        <line num="206" count="0" type="stmt"/>
        <line num="207" count="0" type="stmt"/>
        <line num="208" count="0" type="stmt"/>
        <line num="209" count="0" type="stmt"/>
        <line num="210" count="1" type="stmt"/>
        <line num="211" count="1" type="stmt"/>
        <line num="212" count="1" type="stmt"/>
        <line num="213" count="1" type="stmt"/>
        <line num="214" count="1" type="stmt"/>
        <line num="215" count="6" type="cond" truecount="0" falsecount="1"/>
        <line num="216" count="0" type="stmt"/>
        <line num="217" count="0" type="stmt"/>
        <line num="218" count="0" type="stmt"/>
        <line num="219" count="0" type="stmt"/>
        <line num="220" count="0" type="stmt"/>
        <line num="221" count="0" type="stmt"/>
        <line num="222" count="0" type="stmt"/>
        <line num="223" count="0" type="stmt"/>
        <line num="224" count="0" type="stmt"/>
        <line num="225" count="0" type="stmt"/>
        <line num="226" count="0" type="stmt"/>
        <line num="227" count="0" type="stmt"/>
        <line num="228" count="0" type="stmt"/>
        <line num="229" count="0" type="stmt"/>
        <line num="230" count="0" type="stmt"/>
        <line num="231" count="0" type="stmt"/>
        <line num="232" count="0" type="stmt"/>
        <line num="233" count="0" type="cond" truecount="1" falsecount="0"/>
        <line num="234" count="1" type="stmt"/>
        <line num="235" count="6" type="stmt"/>
        <line num="237" count="62" type="stmt"/>
        <line num="238" count="0" type="stmt"/>
        <line num="239" count="0" type="stmt"/>
        <line num="240" count="0" type="stmt"/>
        <line num="241" count="0" type="stmt"/>
        <line num="244" count="62" type="stmt"/>
        <line num="245" count="62" type="cond" truecount="1" falsecount="1"/>
        <line num="246" count="61" type="cond" truecount="0" falsecount="1"/>
        <line num="247" count="61" type="cond" truecount="0" falsecount="1"/>
        <line num="249" count="61" type="stmt"/>
        <line num="250" count="61" type="cond" truecount="0" falsecount="1"/>
        <line num="251" count="0" type="cond" truecount="1" falsecount="0"/>
        <line num="252" count="61" type="stmt"/>
        <line num="254" count="62" type="stmt"/>
        <line num="255" count="62" type="stmt"/>
        <line num="256" count="62" type="stmt"/>
        <line num="258" count="62" type="stmt"/>
        <line num="259" count="62" type="stmt"/>
        <line num="260" count="62" type="stmt"/>
        <line num="262" count="62" type="stmt"/>
        <line num="263" count="62" type="stmt"/>
        <line num="264" count="62" type="stmt"/>
        <line num="266" count="62" type="stmt"/>
        <line num="268" count="62" type="stmt"/>
        <line num="269" count="62" type="stmt"/>
        <line num="270" count="62" type="stmt"/>
        <line num="271" count="62" type="stmt"/>
        <line num="272" count="62" type="stmt"/>
        <line num="273" count="62" type="stmt"/>
        <line num="274" count="62" type="stmt"/>
        <line num="275" count="62" type="stmt"/>
        <line num="276" count="62" type="stmt"/>
        <line num="277" count="62" type="stmt"/>
        <line num="278" count="62" type="stmt"/>
        <line num="279" count="62" type="stmt"/>
        <line num="280" count="62" type="stmt"/>
        <line num="281" count="62" type="stmt"/>
        <line num="282" count="62" type="stmt"/>
        <line num="284" count="62" type="stmt"/>
        <line num="285" count="62" type="stmt"/>
        <line num="286" count="62" type="cond" truecount="3" falsecount="1"/>
        <line num="287" count="62" type="stmt"/>
        <line num="288" count="62" type="stmt"/>
        <line num="289" count="62" type="stmt"/>
        <line num="290" count="62" type="stmt"/>
        <line num="291" count="62" type="stmt"/>
        <line num="292" count="62" type="stmt"/>
        <line num="293" count="62" type="cond" truecount="2" falsecount="0"/>
        <line num="294" count="62" type="stmt"/>
        <line num="296" count="62" type="stmt"/>
        <line num="297" count="62" type="stmt"/>
        <line num="298" count="62" type="stmt"/>
        <line num="299" count="62" type="stmt"/>
        <line num="300" count="62" type="stmt"/>
        <line num="301" count="62" type="stmt"/>
        <line num="302" count="62" type="stmt"/>
        <line num="303" count="62" type="cond" truecount="2" falsecount="0"/>
        <line num="304" count="62" type="stmt"/>
        <line num="306" count="62" type="stmt"/>
        <line num="307" count="62" type="stmt"/>
        <line num="308" count="62" type="stmt"/>
        <line num="309" count="62" type="stmt"/>
        <line num="311" count="62" type="stmt"/>
        <line num="312" count="62" type="stmt"/>
        <line num="313" count="62" type="stmt"/>
        <line num="314" count="62" type="stmt"/>
        <line num="315" count="62" type="stmt"/>
        <line num="316" count="62" type="stmt"/>
        <line num="318" count="62" type="stmt"/>
        <line num="319" count="62" type="stmt"/>
        <line num="320" count="62" type="stmt"/>
        <line num="321" count="62" type="cond" truecount="1" falsecount="0"/>
        <line num="322" count="244" type="stmt"/>
        <line num="323" count="244" type="stmt"/>
        <line num="324" count="244" type="stmt"/>
        <line num="325" count="244" type="stmt"/>
        <line num="326" count="244" type="stmt"/>
        <line num="327" count="244" type="cond" truecount="2" falsecount="0"/>
        <line num="328" count="244" type="cond" truecount="1" falsecount="0"/>
        <line num="329" count="244" type="stmt"/>
        <line num="330" count="244" type="stmt"/>
        <line num="331" count="244" type="cond" truecount="2" falsecount="0"/>
        <line num="332" count="244" type="cond" truecount="2" falsecount="0"/>
        <line num="334" count="244" type="stmt"/>
        <line num="335" count="244" type="stmt"/>
        <line num="336" count="244" type="stmt"/>
        <line num="338" count="62" type="stmt"/>
        <line num="339" count="62" type="stmt"/>
        <line num="340" count="62" type="stmt"/>
        <line num="342" count="62" type="stmt"/>
        <line num="343" count="62" type="stmt"/>
        <line num="344" count="62" type="stmt"/>
        <line num="345" count="62" type="cond" truecount="1" falsecount="0"/>
        <line num="346" count="183" type="stmt"/>
        <line num="347" count="183" type="stmt"/>
        <line num="348" count="183" type="stmt"/>
        <line num="349" count="183" type="stmt"/>
        <line num="350" count="183" type="stmt"/>
        <line num="351" count="183" type="cond" truecount="0" falsecount="1"/>
        <line num="352" count="183" type="stmt"/>
        <line num="353" count="183" type="stmt"/>
        <line num="354" count="183" type="stmt"/>
        <line num="355" count="183" type="cond" truecount="2" falsecount="0"/>
        <line num="356" count="183" type="cond" truecount="0" falsecount="1"/>
        <line num="358" count="183" type="stmt"/>
        <line num="359" count="183" type="stmt"/>
        <line num="360" count="183" type="stmt"/>
        <line num="362" count="62" type="stmt"/>
        <line num="363" count="62" type="stmt"/>
        <line num="364" count="62" type="stmt"/>
        <line num="365" count="62" type="stmt"/>
        <line num="366" count="62" type="stmt"/>
        <line num="367" count="62" type="stmt"/>
        <line num="369" count="62" type="stmt"/>
        <line num="370" count="62" type="stmt"/>
        <line num="371" count="62" type="stmt"/>
        <line num="372" count="62" type="stmt"/>
        <line num="373" count="62" type="stmt"/>
        <line num="374" count="62" type="stmt"/>
        <line num="376" count="62" type="stmt"/>
        <line num="377" count="62" type="stmt"/>
        <line num="378" count="62" type="stmt"/>
        <line num="379" count="62" type="stmt"/>
        <line num="380" count="62" type="stmt"/>
        <line num="381" count="62" type="stmt"/>
        <line num="382" count="62" type="stmt"/>
        <line num="383" count="62" type="stmt"/>
        <line num="384" count="62" type="stmt"/>
        <line num="385" count="62" type="stmt"/>
        <line num="386" count="62" type="stmt"/>
        <line num="387" count="62" type="stmt"/>
        <line num="389" count="62" type="stmt"/>
        <line num="390" count="62" type="stmt"/>
        <line num="391" count="62" type="stmt"/>
        <line num="392" count="62" type="stmt"/>
        <line num="394" count="62" type="cond" truecount="2" falsecount="0"/>
        <line num="395" count="62" type="stmt"/>
        <line num="396" count="62" type="stmt"/>
        <line num="397" count="62" type="stmt"/>
        <line num="399" count="62" type="stmt"/>
      </file>
      <file name="main.jsx" path="/Users/scott/Documents/Projects/guest-parking/frontend/src/main.jsx">
        <metrics statements="17" coveredstatements="0" conditionals="1" coveredconditionals="0" methods="1" coveredmethods="0"/>
        <line num="1" count="0" type="cond" truecount="0" falsecount="1"/>
        <line num="5" count="0" type="stmt"/>
        <line num="6" count="0" type="stmt"/>
        <line num="7" count="0" type="stmt"/>
        <line num="8" count="0" type="stmt"/>
        <line num="9" count="0" type="stmt"/>
        <line num="10" count="0" type="stmt"/>
        <line num="12" count="0" type="stmt"/>
        <line num="13" count="0" type="stmt"/>
        <line num="14" count="0" type="stmt"/>
        <line num="15" count="0" type="stmt"/>
        <line num="16" count="0" type="stmt"/>
        <line num="17" count="0" type="stmt"/>
        <line num="18" count="0" type="stmt"/>
        <line num="19" count="0" type="stmt"/>
        <line num="20" count="0" type="stmt"/>
        <line num="21" count="0" type="stmt"/>
      </file>
    </package>
    <package name="frontend.src.components.ui">
      <metrics statements="30" coveredstatements="30" conditionals="4" coveredconditionals="4" methods="3" coveredmethods="3"/>
      <file name="button.jsx" path="/Users/scott/Documents/Projects/guest-parking/frontend/src/components/ui/button.jsx">
        <metrics statements="13" coveredstatements="13" conditionals="1" coveredconditionals="1" methods="1" coveredmethods="1"/>
        <line num="1" count="1" type="stmt"/>
        <line num="2" count="1" type="cond" truecount="1" falsecount="0"/>
        <line num="3" count="512" type="stmt"/>
        <line num="4" count="512" type="stmt"/>
        <line num="5" count="512" type="stmt"/>
        <line num="6" count="512" type="stmt"/>
        <line num="7" count="512" type="stmt"/>
        <line num="8" count="512" type="stmt"/>
        <line num="9" count="512" type="stmt"/>
        <line num="10" count="512" type="stmt"/>
        <line num="11" count="512" type="stmt"/>
        <line num="12" count="512" type="stmt"/>
        <line num="14" count="512" type="stmt"/>
      </file>
      <file name="card.jsx" path="/Users/scott/Documents/Projects/guest-parking/frontend/src/components/ui/card.jsx">
        <metrics statements="13" coveredstatements="13" conditionals="2" coveredconditionals="2" methods="1" coveredmethods="1"/>
        <line num="1" count="1" type="stmt"/>
        <line num="5" count="1" type="cond" truecount="1" falsecount="0"/>
        <line num="6" count="5" type="stmt"/>
        <line num="7" count="5" type="stmt"/>
        <line num="8" count="5" type="stmt"/>
        <line num="9" count="5" type="stmt"/>
        <line num="10" count="5" type="stmt"/>
        <line num="11" count="5" type="stmt"/>
        <line num="13" count="5" type="stmt"/>
        <line num="15" count="1" type="cond" truecount="1" falsecount="0"/>
        <line num="16" count="5" type="stmt"/>
        <line num="17" count="5" type="stmt"/>
        <line num="19" count="5" type="stmt"/>
      </file>
      <file name="input.jsx" path="/Users/scott/Documents/Projects/guest-parking/frontend/src/components/ui/input.jsx">
        <metrics statements="4" coveredstatements="4" conditionals="1" coveredconditionals="1" methods="1" coveredmethods="1"/>
        <line num="1" count="1" type="stmt"/>
        <line num="2" count="1" type="cond" truecount="1" falsecount="0"/>
        <line num="3" count="446" type="stmt"/>
        <line num="4" count="446" type="stmt"/>
      </file>
    </package>
  </project>
</coverage>
