{"/Users/scott/Documents/Projects/guest-parking/frontend/postcss.config.js": {"path":"/Users/scott/Documents/Projects/guest-parking/frontend/postcss.config.js","all":true,"statementMap":{"0":{"start":{"line":1,"column":0},"end":{"line":1,"column":18}},"1":{"start":{"line":2,"column":0},"end":{"line":2,"column":12}},"2":{"start":{"line":3,"column":0},"end":{"line":3,"column":20}},"3":{"start":{"line":4,"column":0},"end":{"line":4,"column":21}},"4":{"start":{"line":5,"column":0},"end":{"line":5,"column":4}},"5":{"start":{"line":6,"column":0},"end":{"line":6,"column":2}}},"s":{"0":0,"1":0,"2":0,"3":0,"4":0,"5":0},"branchMap":{"0":{"type":"branch","line":1,"loc":{"start":{"line":1,"column":82},"end":{"line":6,"column":2}},"locations":[{"start":{"line":1,"column":82},"end":{"line":6,"column":2}}]}},"b":{"0":[0]},"fnMap":{"0":{"name":"(empty-report)","decl":{"start":{"line":1,"column":82},"end":{"line":6,"column":2}},"loc":{"start":{"line":1,"column":82},"end":{"line":6,"column":2}},"line":1}},"f":{"0":0}}
,"/Users/scott/Documents/Projects/guest-parking/frontend/tailwind.config.js": {"path":"/Users/scott/Documents/Projects/guest-parking/frontend/tailwind.config.js","all":true,"statementMap":{"0":{"start":{"line":1,"column":0},"end":{"line":1,"column":16}},"1":{"start":{"line":2,"column":0},"end":{"line":2,"column":12}},"2":{"start":{"line":3,"column":0},"end":{"line":3,"column":19}},"3":{"start":{"line":4,"column":0},"end":{"line":4,"column":33}},"4":{"start":{"line":5,"column":0},"end":{"line":5,"column":4}},"5":{"start":{"line":6,"column":0},"end":{"line":6,"column":10}},"6":{"start":{"line":7,"column":0},"end":{"line":7,"column":13}},"7":{"start":{"line":8,"column":0},"end":{"line":8,"column":19}},"8":{"start":{"line":9,"column":0},"end":{"line":9,"column":52}},"9":{"start":{"line":10,"column":0},"end":{"line":10,"column":8}},"10":{"start":{"line":11,"column":0},"end":{"line":11,"column":6}},"11":{"start":{"line":12,"column":0},"end":{"line":12,"column":4}},"12":{"start":{"line":13,"column":0},"end":{"line":13,"column":14}},"13":{"start":{"line":14,"column":0},"end":{"line":14,"column":59}},"14":{"start":{"line":15,"column":0},"end":{"line":15,"column":1}}},"s":{"0":0,"1":0,"2":0,"3":0,"4":0,"5":0,"6":0,"7":0,"8":0,"9":0,"10":0,"11":0,"12":0,"13":0,"14":0},"branchMap":{"0":{"type":"branch","line":1,"loc":{"start":{"line":1,"column":0},"end":{"line":15,"column":-13}},"locations":[{"start":{"line":1,"column":0},"end":{"line":15,"column":-13}}]}},"b":{"0":[0]},"fnMap":{"0":{"name":"(empty-report)","decl":{"start":{"line":1,"column":0},"end":{"line":15,"column":-13}},"loc":{"start":{"line":1,"column":0},"end":{"line":15,"column":-13}},"line":1}},"f":{"0":0}}
,"/Users/scott/Documents/Projects/guest-parking/frontend/src/AdminPage.jsx": {"path":"/Users/scott/Documents/Projects/guest-parking/frontend/src/AdminPage.jsx","all":false,"statementMap":{"0":{"start":{"line":1,"column":0},"end":{"line":1,"column":59}},"13":{"start":{"line":14,"column":0},"end":{"line":14,"column":17}},"14":{"start":{"line":15,"column":0},"end":{"line":15,"column":16}},"15":{"start":{"line":16,"column":0},"end":{"line":16,"column":2}},"17":{"start":{"line":18,"column":0},"end":{"line":18,"column":36}},"18":{"start":{"line":19,"column":0},"end":{"line":19,"column":20}},"19":{"start":{"line":20,"column":0},"end":{"line":20,"column":8}},"20":{"start":{"line":21,"column":0},"end":{"line":21,"column":66}},"21":{"start":{"line":22,"column":0},"end":{"line":22,"column":9}},"22":{"start":{"line":23,"column":0},"end":{"line":23,"column":10}},"23":{"start":{"line":24,"column":0},"end":{"line":24,"column":3}},"25":{"start":{"line":26,"column":0},"end":{"line":26,"column":64}},"28":{"start":{"line":29,"column":0},"end":{"line":29,"column":36}},"29":{"start":{"line":30,"column":0},"end":{"line":30,"column":33}},"30":{"start":{"line":31,"column":0},"end":{"line":31,"column":56}},"31":{"start":{"line":32,"column":0},"end":{"line":32,"column":71}},"32":{"start":{"line":33,"column":0},"end":{"line":33,"column":69}},"34":{"start":{"line":35,"column":0},"end":{"line":35,"column":36}},"35":{"start":{"line":36,"column":0},"end":{"line":36,"column":1}},"37":{"start":{"line":38,"column":0},"end":{"line":38,"column":40}},"38":{"start":{"line":39,"column":0},"end":{"line":39,"column":37}},"39":{"start":{"line":40,"column":0},"end":{"line":40,"column":36}},"40":{"start":{"line":41,"column":0},"end":{"line":41,"column":73}},"41":{"start":{"line":42,"column":0},"end":{"line":42,"column":1}},"43":{"start":{"line":44,"column":0},"end":{"line":44,"column":37}},"44":{"start":{"line":45,"column":0},"end":{"line":45,"column":71}},"45":{"start":{"line":46,"column":0},"end":{"line":46,"column":85}},"46":{"start":{"line":47,"column":0},"end":{"line":47,"column":47}},"47":{"start":{"line":48,"column":0},"end":{"line":48,"column":60}},"48":{"start":{"line":49,"column":0},"end":{"line":49,"column":47}},"49":{"start":{"line":50,"column":0},"end":{"line":50,"column":41}},"50":{"start":{"line":51,"column":0},"end":{"line":51,"column":59}},"51":{"start":{"line":52,"column":0},"end":{"line":52,"column":50}},"52":{"start":{"line":53,"column":0},"end":{"line":53,"column":30}},"54":{"start":{"line":55,"column":0},"end":{"line":55,"column":29}},"55":{"start":{"line":56,"column":0},"end":{"line":56,"column":54}},"56":{"start":{"line":57,"column":0},"end":{"line":57,"column":29}},"57":{"start":{"line":58,"column":0},"end":{"line":58,"column":19}},"58":{"start":{"line":59,"column":0},"end":{"line":59,"column":12}},"59":{"start":{"line":60,"column":0},"end":{"line":60,"column":37}},"60":{"start":{"line":61,"column":0},"end":{"line":61,"column":5}},"61":{"start":{"line":62,"column":0},"end":{"line":62,"column":4}},"63":{"start":{"line":64,"column":0},"end":{"line":64,"column":32}},"64":{"start":{"line":65,"column":0},"end":{"line":65,"column":41}},"65":{"start":{"line":66,"column":0},"end":{"line":66,"column":4}},"67":{"start":{"line":68,"column":0},"end":{"line":68,"column":37}},"68":{"start":{"line":69,"column":0},"end":{"line":69,"column":9}},"69":{"start":{"line":70,"column":0},"end":{"line":70,"column":62}},"70":{"start":{"line":71,"column":0},"end":{"line":71,"column":36}},"71":{"start":{"line":72,"column":0},"end":{"line":72,"column":19}},"72":{"start":{"line":73,"column":0},"end":{"line":73,"column":41}},"73":{"start":{"line":74,"column":0},"end":{"line":74,"column":14}},"74":{"start":{"line":75,"column":0},"end":{"line":75,"column":34}},"75":{"start":{"line":76,"column":0},"end":{"line":76,"column":7}},"76":{"start":{"line":77,"column":0},"end":{"line":77,"column":19}},"77":{"start":{"line":78,"column":0},"end":{"line":78,"column":53}},"78":{"start":{"line":79,"column":0},"end":{"line":79,"column":5}},"79":{"start":{"line":80,"column":0},"end":{"line":80,"column":4}},"81":{"start":{"line":82,"column":0},"end":{"line":82,"column":44}},"82":{"start":{"line":83,"column":0},"end":{"line":83,"column":127}},"83":{"start":{"line":84,"column":0},"end":{"line":84,"column":27}},"84":{"start":{"line":85,"column":0},"end":{"line":85,"column":9}},"85":{"start":{"line":86,"column":0},"end":{"line":86,"column":29}},"86":{"start":{"line":87,"column":0},"end":{"line":87,"column":71}},"87":{"start":{"line":88,"column":0},"end":{"line":88,"column":27}},"88":{"start":{"line":89,"column":0},"end":{"line":89,"column":11}},"89":{"start":{"line":90,"column":0},"end":{"line":90,"column":22}},"90":{"start":{"line":91,"column":0},"end":{"line":91,"column":43}},"91":{"start":{"line":92,"column":0},"end":{"line":92,"column":67}},"92":{"start":{"line":93,"column":0},"end":{"line":93,"column":9}},"93":{"start":{"line":94,"column":0},"end":{"line":94,"column":7}},"94":{"start":{"line":95,"column":0},"end":{"line":95,"column":42}},"95":{"start":{"line":96,"column":0},"end":{"line":96,"column":69}},"96":{"start":{"line":97,"column":0},"end":{"line":97,"column":19}},"97":{"start":{"line":98,"column":0},"end":{"line":98,"column":42}},"98":{"start":{"line":99,"column":0},"end":{"line":99,"column":47}},"99":{"start":{"line":100,"column":0},"end":{"line":100,"column":5}},"100":{"start":{"line":101,"column":0},"end":{"line":101,"column":4}},"102":{"start":{"line":103,"column":0},"end":{"line":103,"column":35}},"103":{"start":{"line":104,"column":0},"end":{"line":104,"column":36}},"104":{"start":{"line":105,"column":0},"end":{"line":105,"column":13}},"105":{"start":{"line":106,"column":0},"end":{"line":106,"column":65}},"106":{"start":{"line":107,"column":0},"end":{"line":107,"column":27}},"107":{"start":{"line":108,"column":0},"end":{"line":108,"column":53}},"108":{"start":{"line":109,"column":0},"end":{"line":109,"column":5}},"109":{"start":{"line":110,"column":0},"end":{"line":110,"column":4}},"111":{"start":{"line":112,"column":0},"end":{"line":112,"column":19}},"112":{"start":{"line":113,"column":0},"end":{"line":113,"column":39}},"113":{"start":{"line":114,"column":0},"end":{"line":114,"column":22}},"116":{"start":{"line":117,"column":0},"end":{"line":117,"column":37}},"117":{"start":{"line":118,"column":0},"end":{"line":118,"column":13}},"118":{"start":{"line":119,"column":0},"end":{"line":119,"column":67}},"119":{"start":{"line":120,"column":0},"end":{"line":120,"column":28}},"120":{"start":{"line":121,"column":0},"end":{"line":121,"column":26}},"121":{"start":{"line":122,"column":0},"end":{"line":122,"column":17}},"122":{"start":{"line":123,"column":0},"end":{"line":123,"column":16}},"123":{"start":{"line":124,"column":0},"end":{"line":124,"column":6}},"125":{"start":{"line":126,"column":0},"end":{"line":126,"column":31}},"127":{"start":{"line":128,"column":0},"end":{"line":128,"column":23}},"128":{"start":{"line":129,"column":0},"end":{"line":129,"column":12}},"129":{"start":{"line":130,"column":0},"end":{"line":130,"column":127}},"130":{"start":{"line":131,"column":0},"end":{"line":131,"column":42}},"131":{"start":{"line":132,"column":0},"end":{"line":132,"column":110}},"132":{"start":{"line":133,"column":0},"end":{"line":133,"column":81}},"134":{"start":{"line":135,"column":0},"end":{"line":135,"column":15}},"135":{"start":{"line":136,"column":0},"end":{"line":136,"column":117}},"136":{"start":{"line":137,"column":0},"end":{"line":137,"column":14}},"137":{"start":{"line":138,"column":0},"end":{"line":138,"column":96}},"138":{"start":{"line":139,"column":0},"end":{"line":139,"column":16}},"139":{"start":{"line":140,"column":0},"end":{"line":140,"column":27}},"140":{"start":{"line":141,"column":0},"end":{"line":141,"column":40}},"141":{"start":{"line":142,"column":0},"end":{"line":142,"column":28}},"142":{"start":{"line":143,"column":0},"end":{"line":143,"column":57}},"143":{"start":{"line":144,"column":0},"end":{"line":144,"column":37}},"144":{"start":{"line":145,"column":0},"end":{"line":145,"column":28}},"145":{"start":{"line":146,"column":0},"end":{"line":146,"column":12}},"146":{"start":{"line":147,"column":0},"end":{"line":147,"column":173}},"147":{"start":{"line":148,"column":0},"end":{"line":148,"column":65}},"148":{"start":{"line":149,"column":0},"end":{"line":149,"column":14}},"149":{"start":{"line":150,"column":0},"end":{"line":150,"column":12}},"151":{"start":{"line":152,"column":0},"end":{"line":152,"column":3}},"154":{"start":{"line":155,"column":0},"end":{"line":155,"column":40}},"155":{"start":{"line":156,"column":0},"end":{"line":156,"column":33}},"156":{"start":{"line":157,"column":0},"end":{"line":157,"column":46}},"157":{"start":{"line":158,"column":0},"end":{"line":158,"column":24}},"158":{"start":{"line":159,"column":0},"end":{"line":159,"column":15}},"159":{"start":{"line":160,"column":0},"end":{"line":160,"column":22}},"160":{"start":{"line":161,"column":0},"end":{"line":161,"column":27}},"161":{"start":{"line":162,"column":0},"end":{"line":162,"column":22}},"162":{"start":{"line":163,"column":0},"end":{"line":163,"column":27}},"163":{"start":{"line":164,"column":0},"end":{"line":164,"column":25}},"164":{"start":{"line":165,"column":0},"end":{"line":165,"column":18}},"165":{"start":{"line":166,"column":0},"end":{"line":166,"column":27}},"166":{"start":{"line":167,"column":0},"end":{"line":167,"column":25}},"167":{"start":{"line":168,"column":0},"end":{"line":168,"column":17}},"168":{"start":{"line":169,"column":0},"end":{"line":169,"column":37}},"169":{"start":{"line":170,"column":0},"end":{"line":170,"column":35}},"170":{"start":{"line":171,"column":0},"end":{"line":171,"column":33}},"171":{"start":{"line":172,"column":0},"end":{"line":172,"column":37}},"172":{"start":{"line":173,"column":0},"end":{"line":173,"column":25}},"173":{"start":{"line":174,"column":0},"end":{"line":174,"column":35}},"174":{"start":{"line":175,"column":0},"end":{"line":175,"column":39}},"175":{"start":{"line":176,"column":0},"end":{"line":176,"column":41}},"176":{"start":{"line":177,"column":0},"end":{"line":177,"column":29}},"177":{"start":{"line":178,"column":0},"end":{"line":178,"column":26}},"178":{"start":{"line":179,"column":0},"end":{"line":179,"column":10}},"179":{"start":{"line":180,"column":0},"end":{"line":180,"column":14}},"180":{"start":{"line":181,"column":0},"end":{"line":181,"column":44}},"181":{"start":{"line":182,"column":0},"end":{"line":182,"column":41}},"182":{"start":{"line":183,"column":0},"end":{"line":183,"column":7}},"183":{"start":{"line":184,"column":0},"end":{"line":184,"column":17}},"184":{"start":{"line":185,"column":0},"end":{"line":185,"column":10}},"185":{"start":{"line":186,"column":0},"end":{"line":186,"column":60}},"187":{"start":{"line":188,"column":0},"end":{"line":188,"column":10}},"188":{"start":{"line":189,"column":0},"end":{"line":189,"column":125}},"189":{"start":{"line":190,"column":0},"end":{"line":190,"column":39}},"191":{"start":{"line":192,"column":0},"end":{"line":192,"column":40}},"192":{"start":{"line":193,"column":0},"end":{"line":193,"column":108}},"193":{"start":{"line":194,"column":0},"end":{"line":194,"column":79}},"195":{"start":{"line":196,"column":0},"end":{"line":196,"column":13}},"196":{"start":{"line":197,"column":0},"end":{"line":197,"column":110}},"197":{"start":{"line":198,"column":0},"end":{"line":198,"column":12}},"198":{"start":{"line":199,"column":0},"end":{"line":199,"column":95}},"200":{"start":{"line":201,"column":0},"end":{"line":201,"column":30}},"201":{"start":{"line":202,"column":0},"end":{"line":202,"column":56}},"202":{"start":{"line":203,"column":0},"end":{"line":203,"column":68}},"203":{"start":{"line":204,"column":0},"end":{"line":204,"column":84}},"204":{"start":{"line":205,"column":0},"end":{"line":205,"column":16}},"205":{"start":{"line":206,"column":0},"end":{"line":206,"column":39}},"206":{"start":{"line":207,"column":0},"end":{"line":207,"column":21}},"207":{"start":{"line":208,"column":0},"end":{"line":208,"column":35}},"208":{"start":{"line":209,"column":0},"end":{"line":209,"column":29}},"209":{"start":{"line":210,"column":0},"end":{"line":210,"column":35}},"210":{"start":{"line":211,"column":0},"end":{"line":211,"column":31}},"211":{"start":{"line":212,"column":0},"end":{"line":212,"column":37}},"212":{"start":{"line":213,"column":0},"end":{"line":213,"column":39}},"213":{"start":{"line":214,"column":0},"end":{"line":214,"column":41}},"214":{"start":{"line":215,"column":0},"end":{"line":215,"column":38}},"215":{"start":{"line":216,"column":0},"end":{"line":216,"column":16}},"216":{"start":{"line":217,"column":0},"end":{"line":217,"column":83}},"217":{"start":{"line":218,"column":0},"end":{"line":218,"column":41}},"218":{"start":{"line":219,"column":0},"end":{"line":219,"column":43}},"219":{"start":{"line":220,"column":0},"end":{"line":220,"column":14}},"220":{"start":{"line":221,"column":0},"end":{"line":221,"column":16}},"221":{"start":{"line":222,"column":0},"end":{"line":222,"column":14}},"223":{"start":{"line":224,"column":0},"end":{"line":224,"column":13}},"224":{"start":{"line":225,"column":0},"end":{"line":225,"column":56}},"225":{"start":{"line":226,"column":0},"end":{"line":226,"column":61}},"226":{"start":{"line":227,"column":0},"end":{"line":227,"column":83}},"227":{"start":{"line":228,"column":0},"end":{"line":228,"column":16}},"228":{"start":{"line":229,"column":0},"end":{"line":229,"column":43}},"229":{"start":{"line":230,"column":0},"end":{"line":230,"column":17}},"230":{"start":{"line":231,"column":0},"end":{"line":231,"column":103}},"231":{"start":{"line":232,"column":0},"end":{"line":232,"column":28}},"233":{"start":{"line":234,"column":0},"end":{"line":234,"column":79}},"234":{"start":{"line":235,"column":0},"end":{"line":235,"column":16}},"235":{"start":{"line":236,"column":0},"end":{"line":236,"column":30}},"236":{"start":{"line":237,"column":0},"end":{"line":237,"column":54}},"237":{"start":{"line":238,"column":0},"end":{"line":238,"column":95}},"238":{"start":{"line":239,"column":0},"end":{"line":239,"column":43}},"239":{"start":{"line":240,"column":0},"end":{"line":240,"column":16}},"241":{"start":{"line":242,"column":0},"end":{"line":242,"column":54}},"242":{"start":{"line":243,"column":0},"end":{"line":243,"column":43}},"243":{"start":{"line":244,"column":0},"end":{"line":244,"column":20}},"244":{"start":{"line":245,"column":0},"end":{"line":245,"column":23}},"245":{"start":{"line":246,"column":0},"end":{"line":246,"column":82}},"246":{"start":{"line":247,"column":0},"end":{"line":247,"column":24}},"247":{"start":{"line":248,"column":0},"end":{"line":248,"column":23}},"248":{"start":{"line":249,"column":0},"end":{"line":249,"column":65}},"249":{"start":{"line":250,"column":0},"end":{"line":250,"column":68}},"250":{"start":{"line":251,"column":0},"end":{"line":251,"column":66}},"251":{"start":{"line":252,"column":0},"end":{"line":252,"column":36}},"252":{"start":{"line":253,"column":0},"end":{"line":253,"column":24}},"253":{"start":{"line":254,"column":0},"end":{"line":254,"column":42}},"254":{"start":{"line":255,"column":0},"end":{"line":255,"column":29}},"255":{"start":{"line":256,"column":0},"end":{"line":256,"column":45}},"256":{"start":{"line":257,"column":0},"end":{"line":257,"column":75}},"257":{"start":{"line":258,"column":0},"end":{"line":258,"column":138}},"258":{"start":{"line":259,"column":0},"end":{"line":259,"column":59}},"259":{"start":{"line":260,"column":0},"end":{"line":260,"column":23}},"261":{"start":{"line":262,"column":0},"end":{"line":262,"column":31}},"262":{"start":{"line":263,"column":0},"end":{"line":263,"column":26}},"263":{"start":{"line":264,"column":0},"end":{"line":264,"column":21}},"265":{"start":{"line":266,"column":0},"end":{"line":266,"column":20}},"266":{"start":{"line":267,"column":0},"end":{"line":267,"column":23}},"267":{"start":{"line":268,"column":0},"end":{"line":268,"column":94}},"268":{"start":{"line":269,"column":0},"end":{"line":269,"column":24}},"269":{"start":{"line":270,"column":0},"end":{"line":270,"column":42}},"270":{"start":{"line":271,"column":0},"end":{"line":271,"column":29}},"271":{"start":{"line":272,"column":0},"end":{"line":272,"column":45}},"272":{"start":{"line":273,"column":0},"end":{"line":273,"column":76}},"273":{"start":{"line":274,"column":0},"end":{"line":274,"column":75}},"274":{"start":{"line":275,"column":0},"end":{"line":275,"column":138}},"275":{"start":{"line":276,"column":0},"end":{"line":276,"column":51}},"276":{"start":{"line":277,"column":0},"end":{"line":277,"column":23}},"278":{"start":{"line":279,"column":0},"end":{"line":279,"column":31}},"279":{"start":{"line":280,"column":0},"end":{"line":280,"column":26}},"280":{"start":{"line":281,"column":0},"end":{"line":281,"column":21}},"282":{"start":{"line":283,"column":0},"end":{"line":283,"column":55}},"283":{"start":{"line":284,"column":0},"end":{"line":284,"column":19}},"284":{"start":{"line":285,"column":0},"end":{"line":285,"column":184}},"285":{"start":{"line":286,"column":0},"end":{"line":286,"column":20}},"286":{"start":{"line":287,"column":0},"end":{"line":287,"column":19}},"287":{"start":{"line":288,"column":0},"end":{"line":288,"column":108}},"288":{"start":{"line":289,"column":0},"end":{"line":289,"column":20}},"289":{"start":{"line":290,"column":0},"end":{"line":290,"column":19}},"290":{"start":{"line":291,"column":0},"end":{"line":291,"column":55}},"291":{"start":{"line":292,"column":0},"end":{"line":292,"column":20}},"292":{"start":{"line":293,"column":0},"end":{"line":293,"column":19}},"293":{"start":{"line":294,"column":0},"end":{"line":294,"column":60}},"294":{"start":{"line":295,"column":0},"end":{"line":295,"column":20}},"295":{"start":{"line":296,"column":0},"end":{"line":296,"column":19}},"296":{"start":{"line":297,"column":0},"end":{"line":297,"column":64}},"297":{"start":{"line":298,"column":0},"end":{"line":298,"column":20}},"298":{"start":{"line":299,"column":0},"end":{"line":299,"column":19}},"299":{"start":{"line":300,"column":0},"end":{"line":300,"column":63}},"300":{"start":{"line":301,"column":0},"end":{"line":301,"column":20}},"301":{"start":{"line":302,"column":0},"end":{"line":302,"column":28}},"302":{"start":{"line":303,"column":0},"end":{"line":303,"column":19}},"303":{"start":{"line":304,"column":0},"end":{"line":304,"column":13}},"304":{"start":{"line":305,"column":0},"end":{"line":305,"column":14}},"305":{"start":{"line":306,"column":0},"end":{"line":306,"column":12}},"306":{"start":{"line":307,"column":0},"end":{"line":307,"column":15}},"325":{"start":{"line":326,"column":0},"end":{"line":326,"column":16}},"326":{"start":{"line":327,"column":0},"end":{"line":327,"column":10}},"328":{"start":{"line":329,"column":0},"end":{"line":329,"column":1}}},"s":{"0":1,"13":1,"14":1,"15":1,"17":1,"18":1,"19":1,"20":1,"21":1,"22":1,"23":1,"25":1,"28":5,"29":5,"30":5,"31":5,"32":5,"34":5,"35":5,"37":0,"38":0,"39":0,"40":0,"41":0,"43":35,"44":35,"45":35,"46":35,"47":35,"48":35,"49":35,"50":35,"51":35,"52":35,"54":35,"55":9,"56":8,"57":8,"58":9,"59":1,"60":1,"61":9,"63":35,"64":1,"65":1,"67":35,"68":8,"69":8,"70":7,"71":7,"72":7,"73":8,"74":0,"75":0,"76":8,"77":1,"78":1,"79":8,"81":35,"82":1,"83":1,"84":1,"85":1,"86":1,"87":1,"88":1,"89":1,"90":0,"91":0,"92":0,"93":1,"94":1,"95":1,"96":1,"97":0,"98":0,"99":0,"100":1,"102":35,"103":0,"104":0,"105":0,"106":0,"107":0,"108":0,"109":0,"111":35,"112":17,"113":35,"116":35,"117":5,"118":5,"119":5,"120":5,"121":5,"122":5,"123":35,"125":35,"127":35,"128":19,"129":19,"130":19,"131":19,"132":19,"134":19,"135":19,"136":19,"137":19,"138":19,"139":19,"140":19,"141":19,"142":19,"143":19,"144":19,"145":19,"146":19,"147":19,"148":19,"149":19,"151":19,"154":16,"155":16,"156":5,"157":5,"158":5,"159":5,"160":5,"161":5,"162":5,"163":5,"164":5,"165":5,"166":5,"167":5,"168":5,"169":5,"170":5,"171":5,"172":5,"173":5,"174":5,"175":5,"176":5,"177":5,"178":5,"179":5,"180":0,"181":0,"182":0,"183":5,"184":16,"185":16,"187":16,"188":16,"189":16,"191":16,"192":16,"193":16,"195":16,"196":16,"197":16,"198":16,"200":16,"201":16,"202":16,"203":16,"204":16,"205":16,"206":16,"207":16,"208":16,"209":16,"210":16,"211":16,"212":16,"213":0,"214":0,"215":0,"216":16,"217":16,"218":16,"219":16,"220":16,"221":16,"223":16,"224":16,"225":16,"226":16,"227":16,"228":16,"229":5,"230":5,"231":5,"233":10,"234":10,"235":5,"236":5,"237":5,"238":5,"239":5,"241":5,"242":5,"243":0,"244":0,"245":0,"246":0,"247":0,"248":0,"249":0,"250":0,"251":0,"252":0,"253":0,"254":0,"255":0,"256":0,"257":0,"258":0,"259":0,"261":0,"262":0,"263":0,"265":5,"266":5,"267":5,"268":5,"269":5,"270":5,"271":5,"272":5,"273":5,"274":5,"275":5,"276":5,"278":5,"279":5,"280":5,"282":5,"283":5,"284":5,"285":5,"286":5,"287":5,"288":5,"289":5,"290":5,"291":5,"292":5,"293":5,"294":5,"295":5,"296":5,"297":5,"298":5,"299":5,"300":5,"301":5,"302":5,"303":16,"304":16,"305":16,"306":16,"325":16,"326":16,"328":16},"branchMap":{"0":{"type":"branch","line":29,"loc":{"start":{"line":29,"column":0},"end":{"line":36,"column":1}},"locations":[{"start":{"line":29,"column":0},"end":{"line":36,"column":1}}]},"1":{"type":"branch","line":31,"loc":{"start":{"line":31,"column":22},"end":{"line":31,"column":56}},"locations":[{"start":{"line":31,"column":22},"end":{"line":31,"column":56}}]},"2":{"type":"branch","line":32,"loc":{"start":{"line":32,"column":24},"end":{"line":32,"column":71}},"locations":[{"start":{"line":32,"column":24},"end":{"line":32,"column":71}}]},"3":{"type":"branch","line":33,"loc":{"start":{"line":33,"column":22},"end":{"line":33,"column":69}},"locations":[{"start":{"line":33,"column":22},"end":{"line":33,"column":69}}]},"4":{"type":"branch","line":44,"loc":{"start":{"line":44,"column":0},"end":{"line":329,"column":1}},"locations":[{"start":{"line":44,"column":0},"end":{"line":329,"column":1}}]},"5":{"type":"branch","line":128,"loc":{"start":{"line":128,"column":22},"end":{"line":152,"column":3}},"locations":[{"start":{"line":128,"column":22},"end":{"line":152,"column":3}}]},"6":{"type":"branch","line":148,"loc":{"start":{"line":148,"column":11},"end":{"line":148,"column":65}},"locations":[{"start":{"line":148,"column":11},"end":{"line":148,"column":65}}]},"7":{"type":"branch","line":152,"loc":{"start":{"line":152,"column":2},"end":{"line":329,"column":1}},"locations":[{"start":{"line":152,"column":2},"end":{"line":329,"column":1}}]},"8":{"type":"branch","line":55,"loc":{"start":{"line":55,"column":22},"end":{"line":62,"column":4}},"locations":[{"start":{"line":55,"column":22},"end":{"line":62,"column":4}}]},"9":{"type":"branch","line":56,"loc":{"start":{"line":56,"column":53},"end":{"line":59,"column":11}},"locations":[{"start":{"line":56,"column":53},"end":{"line":59,"column":11}}]},"10":{"type":"branch","line":59,"loc":{"start":{"line":59,"column":4},"end":{"line":61,"column":5}},"locations":[{"start":{"line":59,"column":4},"end":{"line":61,"column":5}}]},"11":{"type":"branch","line":64,"loc":{"start":{"line":64,"column":24},"end":{"line":66,"column":4}},"locations":[{"start":{"line":64,"column":24},"end":{"line":66,"column":4}}]},"12":{"type":"branch","line":68,"loc":{"start":{"line":68,"column":24},"end":{"line":80,"column":4}},"locations":[{"start":{"line":68,"column":24},"end":{"line":80,"column":4}}]},"13":{"type":"branch","line":70,"loc":{"start":{"line":70,"column":60},"end":{"line":74,"column":13}},"locations":[{"start":{"line":70,"column":60},"end":{"line":74,"column":13}}]},"14":{"type":"branch","line":73,"loc":{"start":{"line":73,"column":25},"end":{"line":73,"column":39}},"locations":[{"start":{"line":73,"column":25},"end":{"line":73,"column":39}}]},"15":{"type":"branch","line":74,"loc":{"start":{"line":74,"column":6},"end":{"line":76,"column":7}},"locations":[{"start":{"line":74,"column":6},"end":{"line":76,"column":7}}]},"16":{"type":"branch","line":77,"loc":{"start":{"line":77,"column":4},"end":{"line":79,"column":5}},"locations":[{"start":{"line":77,"column":4},"end":{"line":79,"column":5}}]},"17":{"type":"branch","line":82,"loc":{"start":{"line":82,"column":28},"end":{"line":101,"column":4}},"locations":[{"start":{"line":82,"column":28},"end":{"line":101,"column":4}}]},"18":{"type":"branch","line":83,"loc":{"start":{"line":83,"column":100},"end":{"line":83,"column":121}},"locations":[{"start":{"line":83,"column":100},"end":{"line":83,"column":121}}]},"19":{"type":"branch","line":84,"loc":{"start":{"line":84,"column":20},"end":{"line":84,"column":27}},"locations":[{"start":{"line":84,"column":20},"end":{"line":84,"column":27}}]},"20":{"type":"branch","line":90,"loc":{"start":{"line":90,"column":21},"end":{"line":93,"column":9}},"locations":[{"start":{"line":90,"column":21},"end":{"line":93,"column":9}}]},"21":{"type":"branch","line":97,"loc":{"start":{"line":97,"column":4},"end":{"line":100,"column":5}},"locations":[{"start":{"line":97,"column":4},"end":{"line":100,"column":5}}]},"22":{"type":"branch","line":96,"loc":{"start":{"line":96,"column":18},"end":{"line":96,"column":67}},"locations":[{"start":{"line":96,"column":18},"end":{"line":96,"column":67}}]},"23":{"type":"branch","line":96,"loc":{"start":{"line":96,"column":40},"end":{"line":96,"column":66}},"locations":[{"start":{"line":96,"column":40},"end":{"line":96,"column":66}}]},"24":{"type":"branch","line":112,"loc":{"start":{"line":112,"column":12},"end":{"line":114,"column":5}},"locations":[{"start":{"line":112,"column":12},"end":{"line":114,"column":5}}]},"25":{"type":"branch","line":113,"loc":{"start":{"line":113,"column":23},"end":{"line":113,"column":39}},"locations":[{"start":{"line":113,"column":23},"end":{"line":113,"column":39}}]},"26":{"type":"branch","line":117,"loc":{"start":{"line":117,"column":30},"end":{"line":124,"column":4}},"locations":[{"start":{"line":117,"column":30},"end":{"line":124,"column":4}}]},"27":{"type":"branch","line":119,"loc":{"start":{"line":119,"column":40},"end":{"line":119,"column":64}},"locations":[{"start":{"line":119,"column":40},"end":{"line":119,"column":64}}]},"28":{"type":"branch","line":143,"loc":{"start":{"line":143,"column":22},"end":{"line":143,"column":57}},"locations":[{"start":{"line":143,"column":22},"end":{"line":143,"column":57}}]},"29":{"type":"branch","line":156,"loc":{"start":{"line":156,"column":20},"end":{"line":185,"column":7}},"locations":[{"start":{"line":156,"column":20},"end":{"line":185,"column":7}}]},"30":{"type":"branch","line":161,"loc":{"start":{"line":161,"column":10},"end":{"line":161,"column":27}},"locations":[{"start":{"line":161,"column":10},"end":{"line":161,"column":27}}]},"31":{"type":"branch","line":162,"loc":{"start":{"line":162,"column":10},"end":{"line":162,"column":22}},"locations":[{"start":{"line":162,"column":10},"end":{"line":162,"column":22}}]},"32":{"type":"branch","line":163,"loc":{"start":{"line":163,"column":10},"end":{"line":163,"column":27}},"locations":[{"start":{"line":163,"column":10},"end":{"line":163,"column":27}}]},"33":{"type":"branch","line":164,"loc":{"start":{"line":164,"column":10},"end":{"line":164,"column":25}},"locations":[{"start":{"line":164,"column":10},"end":{"line":164,"column":25}}]},"34":{"type":"branch","line":180,"loc":{"start":{"line":180,"column":6},"end":{"line":183,"column":7}},"locations":[{"start":{"line":180,"column":6},"end":{"line":183,"column":7}}]},"35":{"type":"branch","line":229,"loc":{"start":{"line":229,"column":31},"end":{"line":303,"column":19}},"locations":[{"start":{"line":229,"column":31},"end":{"line":303,"column":19}}]},"36":{"type":"branch","line":238,"loc":{"start":{"line":238,"column":64},"end":{"line":238,"column":84}},"locations":[{"start":{"line":238,"column":64},"end":{"line":238,"column":84}}]},"37":{"type":"branch","line":243,"loc":{"start":{"line":243,"column":38},"end":{"line":264,"column":21}},"locations":[{"start":{"line":243,"column":38},"end":{"line":264,"column":21}}]},"38":{"type":"branch","line":232,"loc":{"start":{"line":232,"column":19},"end":{"line":235,"column":16}},"locations":[{"start":{"line":232,"column":19},"end":{"line":235,"column":16}}]},"39":{"type":"branch","line":234,"loc":{"start":{"line":234,"column":41},"end":{"line":234,"column":77}},"locations":[{"start":{"line":234,"column":41},"end":{"line":234,"column":77}}]},"40":{"type":"branch","line":238,"loc":{"start":{"line":238,"column":38},"end":{"line":238,"column":64}},"locations":[{"start":{"line":238,"column":38},"end":{"line":238,"column":64}}]},"41":{"type":"branch","line":274,"loc":{"start":{"line":274,"column":33},"end":{"line":274,"column":75}},"locations":[{"start":{"line":274,"column":33},"end":{"line":274,"column":75}}]}},"b":{"0":[5],"1":[0],"2":[0],"3":[0],"4":[35],"5":[19],"6":[1],"7":[16],"8":[9],"9":[8],"10":[1],"11":[1],"12":[8],"13":[7],"14":[0],"15":[0],"16":[1],"17":[1],"18":[0],"19":[0],"20":[0],"21":[0],"22":[1],"23":[1],"24":[17],"25":[8],"26":[5],"27":[0],"28":[9],"29":[5],"30":[0],"31":[0],"32":[0],"33":[0],"34":[0],"35":[5],"36":[0],"37":[0],"38":[10],"39":[10],"40":[5],"41":[1]},"fnMap":{"0":{"name":"startOfWeek","decl":{"start":{"line":21,"column":15},"end":{"line":21,"column":66}},"loc":{"start":{"line":21,"column":15},"end":{"line":21,"column":66}},"line":21},"1":{"name":"getWeekendFriday","decl":{"start":{"line":29,"column":0},"end":{"line":36,"column":1}},"loc":{"start":{"line":29,"column":0},"end":{"line":36,"column":1}},"line":29},"2":{"name":"formatWeekendRange","decl":{"start":{"line":38,"column":0},"end":{"line":42,"column":1}},"loc":{"start":{"line":38,"column":0},"end":{"line":42,"column":1}},"line":38},"3":{"name":"AdminPage","decl":{"start":{"line":44,"column":0},"end":{"line":329,"column":1}},"loc":{"start":{"line":44,"column":0},"end":{"line":329,"column":1}},"line":44},"4":{"name":"handleLogin","decl":{"start":{"line":55,"column":22},"end":{"line":62,"column":4}},"loc":{"start":{"line":55,"column":22},"end":{"line":62,"column":4}},"line":55},"5":{"name":"handleKeyDown","decl":{"start":{"line":64,"column":24},"end":{"line":66,"column":4}},"loc":{"start":{"line":64,"column":24},"end":{"line":66,"column":4}},"line":64},"6":{"name":"fetchBookings","decl":{"start":{"line":68,"column":24},"end":{"line":80,"column":4}},"loc":{"start":{"line":68,"column":24},"end":{"line":80,"column":4}},"line":68},"7":{"name":"handleDeleteGroup","decl":{"start":{"line":82,"column":28},"end":{"line":101,"column":4}},"loc":{"start":{"line":82,"column":28},"end":{"line":101,"column":4}},"line":82},"8":{"name":"scrollToBooking","decl":{"start":{"line":103,"column":26},"end":{"line":110,"column":4}},"loc":{"start":{"line":103,"column":26},"end":{"line":110,"column":4}},"line":103},"9":{"name":"onChange","decl":{"start":{"line":143,"column":22},"end":{"line":143,"column":57}},"loc":{"start":{"line":143,"column":22},"end":{"line":143,"column":57}},"line":143},"10":{"name":"onSelectEvent","decl":{"start":{"line":213,"column":29},"end":{"line":216,"column":16}},"loc":{"start":{"line":213,"column":29},"end":{"line":216,"column":16}},"line":213},"11":{"name":"eventPropGetter","decl":{"start":{"line":217,"column":31},"end":{"line":217,"column":83}},"loc":{"start":{"line":217,"column":31},"end":{"line":217,"column":83}},"line":217},"12":{"name":"ref","decl":{"start":{"line":232,"column":19},"end":{"line":235,"column":16}},"loc":{"start":{"line":232,"column":19},"end":{"line":235,"column":16}},"line":232},"13":{"name":"onClick","decl":{"start":{"line":257,"column":33},"end":{"line":257,"column":75}},"loc":{"start":{"line":257,"column":33},"end":{"line":257,"column":75}},"line":257},"14":{"name":"onClick","decl":{"start":{"line":274,"column":33},"end":{"line":274,"column":75}},"loc":{"start":{"line":274,"column":33},"end":{"line":274,"column":75}},"line":274}},"f":{"0":0,"1":5,"2":0,"3":35,"4":9,"5":1,"6":8,"7":1,"8":0,"9":9,"10":0,"11":0,"12":10,"13":0,"14":1}}
,"/Users/scott/Documents/Projects/guest-parking/frontend/src/App.jsx": {"path":"/Users/scott/Documents/Projects/guest-parking/frontend/src/App.jsx","all":false,"statementMap":{"0":{"start":{"line":1,"column":0},"end":{"line":1,"column":51}},"11":{"start":{"line":12,"column":0},"end":{"line":12,"column":22}},"12":{"start":{"line":13,"column":0},"end":{"line":13,"column":64}},"14":{"start":{"line":15,"column":0},"end":{"line":15,"column":50}},"15":{"start":{"line":16,"column":0},"end":{"line":16,"column":73}},"17":{"start":{"line":18,"column":0},"end":{"line":18,"column":22}},"18":{"start":{"line":19,"column":0},"end":{"line":19,"column":12}},"19":{"start":{"line":20,"column":0},"end":{"line":20,"column":90}},"20":{"start":{"line":21,"column":0},"end":{"line":21,"column":88}},"21":{"start":{"line":22,"column":0},"end":{"line":22,"column":136}},"22":{"start":{"line":23,"column":0},"end":{"line":23,"column":12}},"24":{"start":{"line":25,"column":0},"end":{"line":25,"column":3}},"26":{"start":{"line":27,"column":0},"end":{"line":27,"column":63}},"27":{"start":{"line":28,"column":0},"end":{"line":28,"column":84}},"28":{"start":{"line":29,"column":0},"end":{"line":29,"column":117}},"29":{"start":{"line":30,"column":0},"end":{"line":30,"column":57}},"30":{"start":{"line":31,"column":0},"end":{"line":31,"column":58}},"31":{"start":{"line":32,"column":0},"end":{"line":32,"column":44}},"32":{"start":{"line":33,"column":0},"end":{"line":33,"column":18}},"33":{"start":{"line":34,"column":0},"end":{"line":34,"column":17}},"34":{"start":{"line":35,"column":0},"end":{"line":35,"column":19}},"35":{"start":{"line":36,"column":0},"end":{"line":36,"column":14}},"36":{"start":{"line":37,"column":0},"end":{"line":37,"column":18}},"37":{"start":{"line":38,"column":0},"end":{"line":38,"column":20}},"38":{"start":{"line":39,"column":0},"end":{"line":39,"column":21}},"39":{"start":{"line":40,"column":0},"end":{"line":40,"column":5}},"40":{"start":{"line":41,"column":0},"end":{"line":41,"column":66}},"41":{"start":{"line":42,"column":0},"end":{"line":42,"column":45}},"43":{"start":{"line":44,"column":0},"end":{"line":44,"column":101}},"44":{"start":{"line":45,"column":0},"end":{"line":45,"column":8}},"45":{"start":{"line":46,"column":0},"end":{"line":46,"column":41}},"46":{"start":{"line":47,"column":0},"end":{"line":47,"column":46}},"47":{"start":{"line":48,"column":0},"end":{"line":48,"column":7}},"49":{"start":{"line":50,"column":0},"end":{"line":50,"column":17}},"50":{"start":{"line":51,"column":0},"end":{"line":51,"column":54}},"51":{"start":{"line":52,"column":0},"end":{"line":52,"column":74}},"52":{"start":{"line":53,"column":0},"end":{"line":53,"column":72}},"53":{"start":{"line":54,"column":0},"end":{"line":54,"column":76}},"56":{"start":{"line":57,"column":0},"end":{"line":57,"column":41}},"57":{"start":{"line":58,"column":0},"end":{"line":58,"column":39}},"58":{"start":{"line":59,"column":0},"end":{"line":59,"column":34}},"59":{"start":{"line":60,"column":0},"end":{"line":60,"column":87}},"60":{"start":{"line":61,"column":0},"end":{"line":61,"column":12}},"61":{"start":{"line":62,"column":0},"end":{"line":62,"column":40}},"62":{"start":{"line":63,"column":0},"end":{"line":63,"column":43}},"63":{"start":{"line":64,"column":0},"end":{"line":64,"column":10}},"64":{"start":{"line":65,"column":0},"end":{"line":65,"column":8}},"66":{"start":{"line":67,"column":0},"end":{"line":67,"column":67}},"67":{"start":{"line":68,"column":0},"end":{"line":68,"column":51}},"68":{"start":{"line":69,"column":0},"end":{"line":69,"column":8}},"69":{"start":{"line":70,"column":0},"end":{"line":70,"column":40}},"70":{"start":{"line":71,"column":0},"end":{"line":71,"column":12}},"72":{"start":{"line":73,"column":0},"end":{"line":73,"column":11}},"73":{"start":{"line":74,"column":0},"end":{"line":74,"column":32}},"74":{"start":{"line":75,"column":0},"end":{"line":75,"column":95}},"75":{"start":{"line":76,"column":0},"end":{"line":76,"column":10}},"76":{"start":{"line":77,"column":0},"end":{"line":77,"column":38}},"77":{"start":{"line":78,"column":0},"end":{"line":78,"column":21}},"78":{"start":{"line":79,"column":0},"end":{"line":79,"column":55}},"79":{"start":{"line":80,"column":0},"end":{"line":80,"column":16}},"80":{"start":{"line":81,"column":0},"end":{"line":81,"column":32}},"81":{"start":{"line":82,"column":0},"end":{"line":82,"column":9}},"82":{"start":{"line":83,"column":0},"end":{"line":83,"column":21}},"83":{"start":{"line":84,"column":0},"end":{"line":84,"column":30}},"84":{"start":{"line":85,"column":0},"end":{"line":85,"column":7}},"85":{"start":{"line":86,"column":0},"end":{"line":86,"column":5}},"86":{"start":{"line":87,"column":0},"end":{"line":87,"column":4}},"88":{"start":{"line":89,"column":0},"end":{"line":89,"column":19}},"89":{"start":{"line":90,"column":0},"end":{"line":90,"column":49}},"90":{"start":{"line":91,"column":0},"end":{"line":91,"column":34}},"92":{"start":{"line":93,"column":0},"end":{"line":93,"column":36}},"93":{"start":{"line":94,"column":0},"end":{"line":94,"column":66}},"94":{"start":{"line":95,"column":0},"end":{"line":95,"column":4}},"96":{"start":{"line":97,"column":0},"end":{"line":97,"column":36}},"97":{"start":{"line":98,"column":0},"end":{"line":98,"column":24}},"98":{"start":{"line":99,"column":0},"end":{"line":99,"column":43}},"99":{"start":{"line":100,"column":0},"end":{"line":100,"column":13}},"100":{"start":{"line":101,"column":0},"end":{"line":101,"column":5}},"102":{"start":{"line":103,"column":0},"end":{"line":103,"column":33}},"103":{"start":{"line":104,"column":0},"end":{"line":104,"column":27}},"104":{"start":{"line":105,"column":0},"end":{"line":105,"column":59}},"105":{"start":{"line":106,"column":0},"end":{"line":106,"column":15}},"106":{"start":{"line":107,"column":0},"end":{"line":107,"column":7}},"107":{"start":{"line":108,"column":0},"end":{"line":108,"column":5}},"109":{"start":{"line":110,"column":0},"end":{"line":110,"column":52}},"110":{"start":{"line":111,"column":0},"end":{"line":111,"column":43}},"111":{"start":{"line":112,"column":0},"end":{"line":112,"column":57}},"112":{"start":{"line":113,"column":0},"end":{"line":113,"column":13}},"113":{"start":{"line":114,"column":0},"end":{"line":114,"column":5}},"115":{"start":{"line":116,"column":0},"end":{"line":116,"column":26}},"118":{"start":{"line":119,"column":0},"end":{"line":119,"column":40}},"119":{"start":{"line":120,"column":0},"end":{"line":120,"column":20}},"120":{"start":{"line":121,"column":0},"end":{"line":121,"column":32}},"121":{"start":{"line":122,"column":0},"end":{"line":122,"column":37}},"122":{"start":{"line":123,"column":0},"end":{"line":123,"column":35}},"123":{"start":{"line":124,"column":0},"end":{"line":124,"column":39}},"124":{"start":{"line":125,"column":0},"end":{"line":125,"column":28}},"125":{"start":{"line":126,"column":0},"end":{"line":126,"column":37}},"126":{"start":{"line":127,"column":0},"end":{"line":127,"column":41}},"127":{"start":{"line":128,"column":0},"end":{"line":128,"column":43}},"128":{"start":{"line":129,"column":0},"end":{"line":129,"column":7}},"130":{"start":{"line":131,"column":0},"end":{"line":131,"column":38}},"131":{"start":{"line":132,"column":0},"end":{"line":132,"column":72}},"132":{"start":{"line":133,"column":0},"end":{"line":133,"column":38}},"133":{"start":{"line":134,"column":0},"end":{"line":134,"column":52}},"134":{"start":{"line":135,"column":0},"end":{"line":135,"column":17}},"135":{"start":{"line":136,"column":0},"end":{"line":136,"column":56}},"136":{"start":{"line":137,"column":0},"end":{"line":137,"column":76}},"137":{"start":{"line":138,"column":0},"end":{"line":138,"column":74}},"138":{"start":{"line":139,"column":0},"end":{"line":139,"column":70}},"139":{"start":{"line":140,"column":0},"end":{"line":140,"column":5}},"142":{"start":{"line":143,"column":0},"end":{"line":143,"column":25}},"143":{"start":{"line":144,"column":0},"end":{"line":144,"column":35}},"144":{"start":{"line":145,"column":0},"end":{"line":145,"column":107}},"145":{"start":{"line":146,"column":0},"end":{"line":146,"column":36}},"146":{"start":{"line":147,"column":0},"end":{"line":147,"column":80}},"147":{"start":{"line":148,"column":0},"end":{"line":148,"column":50}},"148":{"start":{"line":149,"column":0},"end":{"line":149,"column":7}},"149":{"start":{"line":150,"column":0},"end":{"line":150,"column":5}},"150":{"start":{"line":151,"column":0},"end":{"line":151,"column":33}},"151":{"start":{"line":152,"column":0},"end":{"line":152,"column":70}},"152":{"start":{"line":153,"column":0},"end":{"line":153,"column":29}},"153":{"start":{"line":154,"column":0},"end":{"line":154,"column":13}},"154":{"start":{"line":155,"column":0},"end":{"line":155,"column":5}},"156":{"start":{"line":157,"column":0},"end":{"line":157,"column":26}},"157":{"start":{"line":158,"column":0},"end":{"line":158,"column":52}},"159":{"start":{"line":160,"column":0},"end":{"line":160,"column":23}},"160":{"start":{"line":161,"column":0},"end":{"line":161,"column":62}},"161":{"start":{"line":162,"column":0},"end":{"line":162,"column":34}},"162":{"start":{"line":163,"column":0},"end":{"line":163,"column":39}},"163":{"start":{"line":164,"column":0},"end":{"line":164,"column":37}},"164":{"start":{"line":165,"column":0},"end":{"line":165,"column":41}},"165":{"start":{"line":166,"column":0},"end":{"line":166,"column":30}},"166":{"start":{"line":167,"column":0},"end":{"line":167,"column":39}},"167":{"start":{"line":168,"column":0},"end":{"line":168,"column":43}},"168":{"start":{"line":169,"column":0},"end":{"line":169,"column":45}},"169":{"start":{"line":170,"column":0},"end":{"line":170,"column":8}},"170":{"start":{"line":171,"column":0},"end":{"line":171,"column":11}},"171":{"start":{"line":172,"column":0},"end":{"line":172,"column":71}},"172":{"start":{"line":173,"column":0},"end":{"line":173,"column":25}},"173":{"start":{"line":174,"column":0},"end":{"line":174,"column":58}},"174":{"start":{"line":175,"column":0},"end":{"line":175,"column":40}},"175":{"start":{"line":176,"column":0},"end":{"line":176,"column":11}},"176":{"start":{"line":177,"column":0},"end":{"line":177,"column":38}},"177":{"start":{"line":178,"column":0},"end":{"line":178,"column":22}},"178":{"start":{"line":179,"column":0},"end":{"line":179,"column":29}},"179":{"start":{"line":180,"column":0},"end":{"line":180,"column":82}},"180":{"start":{"line":181,"column":0},"end":{"line":181,"column":73}},"181":{"start":{"line":182,"column":0},"end":{"line":182,"column":34}},"182":{"start":{"line":183,"column":0},"end":{"line":183,"column":18}},"183":{"start":{"line":184,"column":0},"end":{"line":184,"column":63}},"184":{"start":{"line":185,"column":0},"end":{"line":185,"column":11}},"185":{"start":{"line":186,"column":0},"end":{"line":186,"column":9}},"186":{"start":{"line":187,"column":0},"end":{"line":187,"column":21}},"187":{"start":{"line":188,"column":0},"end":{"line":188,"column":27}},"188":{"start":{"line":189,"column":0},"end":{"line":189,"column":52}},"189":{"start":{"line":190,"column":0},"end":{"line":190,"column":7}},"190":{"start":{"line":191,"column":0},"end":{"line":191,"column":12}},"192":{"start":{"line":193,"column":0},"end":{"line":193,"column":71}},"193":{"start":{"line":194,"column":0},"end":{"line":194,"column":11}},"194":{"start":{"line":195,"column":0},"end":{"line":195,"column":65}},"195":{"start":{"line":196,"column":0},"end":{"line":196,"column":25}},"196":{"start":{"line":197,"column":0},"end":{"line":197,"column":58}},"197":{"start":{"line":198,"column":0},"end":{"line":198,"column":40}},"198":{"start":{"line":199,"column":0},"end":{"line":199,"column":11}},"199":{"start":{"line":200,"column":0},"end":{"line":200,"column":38}},"200":{"start":{"line":201,"column":0},"end":{"line":201,"column":22}},"201":{"start":{"line":202,"column":0},"end":{"line":202,"column":29}},"202":{"start":{"line":203,"column":0},"end":{"line":203,"column":82}},"203":{"start":{"line":204,"column":0},"end":{"line":204,"column":73}},"204":{"start":{"line":205,"column":0},"end":{"line":205,"column":34}},"205":{"start":{"line":206,"column":0},"end":{"line":206,"column":18}},"206":{"start":{"line":207,"column":0},"end":{"line":207,"column":63}},"207":{"start":{"line":208,"column":0},"end":{"line":208,"column":11}},"208":{"start":{"line":209,"column":0},"end":{"line":209,"column":9}},"209":{"start":{"line":210,"column":0},"end":{"line":210,"column":21}},"210":{"start":{"line":211,"column":0},"end":{"line":211,"column":27}},"211":{"start":{"line":212,"column":0},"end":{"line":212,"column":52}},"212":{"start":{"line":213,"column":0},"end":{"line":213,"column":7}},"213":{"start":{"line":214,"column":0},"end":{"line":214,"column":5}},"214":{"start":{"line":215,"column":0},"end":{"line":215,"column":21}},"215":{"start":{"line":216,"column":0},"end":{"line":216,"column":32}},"216":{"start":{"line":217,"column":0},"end":{"line":217,"column":20}},"217":{"start":{"line":218,"column":0},"end":{"line":218,"column":49}},"218":{"start":{"line":219,"column":0},"end":{"line":219,"column":45}},"219":{"start":{"line":220,"column":0},"end":{"line":220,"column":32}},"220":{"start":{"line":221,"column":0},"end":{"line":221,"column":8}},"221":{"start":{"line":222,"column":0},"end":{"line":222,"column":28}},"222":{"start":{"line":223,"column":0},"end":{"line":223,"column":26}},"223":{"start":{"line":224,"column":0},"end":{"line":224,"column":19}},"224":{"start":{"line":225,"column":0},"end":{"line":225,"column":22}},"225":{"start":{"line":226,"column":0},"end":{"line":226,"column":21}},"226":{"start":{"line":227,"column":0},"end":{"line":227,"column":23}},"227":{"start":{"line":228,"column":0},"end":{"line":228,"column":18}},"228":{"start":{"line":229,"column":0},"end":{"line":229,"column":22}},"229":{"start":{"line":230,"column":0},"end":{"line":230,"column":24}},"230":{"start":{"line":231,"column":0},"end":{"line":231,"column":25}},"231":{"start":{"line":232,"column":0},"end":{"line":232,"column":9}},"232":{"start":{"line":233,"column":0},"end":{"line":233,"column":5}},"233":{"start":{"line":234,"column":0},"end":{"line":234,"column":27}},"234":{"start":{"line":235,"column":0},"end":{"line":235,"column":4}},"236":{"start":{"line":237,"column":0},"end":{"line":237,"column":35}},"237":{"start":{"line":238,"column":0},"end":{"line":238,"column":70}},"238":{"start":{"line":239,"column":0},"end":{"line":239,"column":38}},"239":{"start":{"line":240,"column":0},"end":{"line":240,"column":75}},"240":{"start":{"line":241,"column":0},"end":{"line":241,"column":4}},"243":{"start":{"line":244,"column":0},"end":{"line":244,"column":27}},"244":{"start":{"line":245,"column":0},"end":{"line":245,"column":59}},"245":{"start":{"line":246,"column":0},"end":{"line":246,"column":79}},"246":{"start":{"line":247,"column":0},"end":{"line":247,"column":77}},"248":{"start":{"line":249,"column":0},"end":{"line":249,"column":21}},"249":{"start":{"line":250,"column":0},"end":{"line":250,"column":17}},"250":{"start":{"line":251,"column":0},"end":{"line":251,"column":106}},"251":{"start":{"line":252,"column":0},"end":{"line":252,"column":20}},"253":{"start":{"line":254,"column":0},"end":{"line":254,"column":10}},"254":{"start":{"line":255,"column":0},"end":{"line":255,"column":125}},"255":{"start":{"line":256,"column":0},"end":{"line":256,"column":17}},"257":{"start":{"line":258,"column":0},"end":{"line":258,"column":40}},"258":{"start":{"line":259,"column":0},"end":{"line":259,"column":108}},"259":{"start":{"line":260,"column":0},"end":{"line":260,"column":79}},"261":{"start":{"line":262,"column":0},"end":{"line":262,"column":13}},"262":{"start":{"line":263,"column":0},"end":{"line":263,"column":126}},"263":{"start":{"line":264,"column":0},"end":{"line":264,"column":12}},"265":{"start":{"line":266,"column":0},"end":{"line":266,"column":94}},"267":{"start":{"line":268,"column":0},"end":{"line":268,"column":13}},"268":{"start":{"line":269,"column":0},"end":{"line":269,"column":56}},"269":{"start":{"line":270,"column":0},"end":{"line":270,"column":68}},"270":{"start":{"line":271,"column":0},"end":{"line":271,"column":86}},"271":{"start":{"line":272,"column":0},"end":{"line":272,"column":16}},"272":{"start":{"line":273,"column":0},"end":{"line":273,"column":21}},"273":{"start":{"line":274,"column":0},"end":{"line":274,"column":35}},"274":{"start":{"line":275,"column":0},"end":{"line":275,"column":54}},"275":{"start":{"line":276,"column":0},"end":{"line":276,"column":32}},"276":{"start":{"line":277,"column":0},"end":{"line":277,"column":35}},"277":{"start":{"line":278,"column":0},"end":{"line":278,"column":84}},"278":{"start":{"line":279,"column":0},"end":{"line":279,"column":43}},"279":{"start":{"line":280,"column":0},"end":{"line":280,"column":12}},"280":{"start":{"line":281,"column":0},"end":{"line":281,"column":73}},"281":{"start":{"line":282,"column":0},"end":{"line":282,"column":14}},"283":{"start":{"line":284,"column":0},"end":{"line":284,"column":49}},"284":{"start":{"line":285,"column":0},"end":{"line":285,"column":78}},"285":{"start":{"line":286,"column":0},"end":{"line":286,"column":176}},"286":{"start":{"line":287,"column":0},"end":{"line":287,"column":55}},"287":{"start":{"line":288,"column":0},"end":{"line":288,"column":20}},"288":{"start":{"line":289,"column":0},"end":{"line":289,"column":28}},"289":{"start":{"line":290,"column":0},"end":{"line":290,"column":30}},"290":{"start":{"line":291,"column":0},"end":{"line":291,"column":50}},"291":{"start":{"line":292,"column":0},"end":{"line":292,"column":57}},"292":{"start":{"line":293,"column":0},"end":{"line":293,"column":106}},"293":{"start":{"line":294,"column":0},"end":{"line":294,"column":16}},"295":{"start":{"line":296,"column":0},"end":{"line":296,"column":20}},"296":{"start":{"line":297,"column":0},"end":{"line":297,"column":55}},"297":{"start":{"line":298,"column":0},"end":{"line":298,"column":20}},"298":{"start":{"line":299,"column":0},"end":{"line":299,"column":28}},"299":{"start":{"line":300,"column":0},"end":{"line":300,"column":31}},"300":{"start":{"line":301,"column":0},"end":{"line":301,"column":51}},"301":{"start":{"line":302,"column":0},"end":{"line":302,"column":58}},"302":{"start":{"line":303,"column":0},"end":{"line":303,"column":106}},"303":{"start":{"line":304,"column":0},"end":{"line":304,"column":16}},"305":{"start":{"line":306,"column":0},"end":{"line":306,"column":20}},"306":{"start":{"line":307,"column":0},"end":{"line":307,"column":16}},"307":{"start":{"line":308,"column":0},"end":{"line":308,"column":14}},"308":{"start":{"line":309,"column":0},"end":{"line":309,"column":47}},"310":{"start":{"line":311,"column":0},"end":{"line":311,"column":13}},"311":{"start":{"line":312,"column":0},"end":{"line":312,"column":56}},"312":{"start":{"line":313,"column":0},"end":{"line":313,"column":61}},"313":{"start":{"line":314,"column":0},"end":{"line":314,"column":86}},"314":{"start":{"line":315,"column":0},"end":{"line":315,"column":16}},"315":{"start":{"line":316,"column":0},"end":{"line":316,"column":47}},"317":{"start":{"line":318,"column":0},"end":{"line":318,"column":17}},"318":{"start":{"line":319,"column":0},"end":{"line":319,"column":88}},"319":{"start":{"line":320,"column":0},"end":{"line":320,"column":52}},"320":{"start":{"line":321,"column":0},"end":{"line":321,"column":45}},"321":{"start":{"line":322,"column":0},"end":{"line":322,"column":68}},"322":{"start":{"line":323,"column":0},"end":{"line":323,"column":59}},"323":{"start":{"line":324,"column":0},"end":{"line":324,"column":26}},"324":{"start":{"line":325,"column":0},"end":{"line":325,"column":27}},"325":{"start":{"line":326,"column":0},"end":{"line":326,"column":32}},"326":{"start":{"line":327,"column":0},"end":{"line":327,"column":66}},"327":{"start":{"line":328,"column":0},"end":{"line":328,"column":74}},"328":{"start":{"line":329,"column":0},"end":{"line":329,"column":45}},"329":{"start":{"line":330,"column":0},"end":{"line":330,"column":33}},"330":{"start":{"line":331,"column":0},"end":{"line":331,"column":150}},"331":{"start":{"line":332,"column":0},"end":{"line":332,"column":117}},"333":{"start":{"line":334,"column":0},"end":{"line":334,"column":21}},"334":{"start":{"line":335,"column":0},"end":{"line":335,"column":33}},"335":{"start":{"line":336,"column":0},"end":{"line":336,"column":29}},"337":{"start":{"line":338,"column":0},"end":{"line":338,"column":19}},"338":{"start":{"line":339,"column":0},"end":{"line":339,"column":20}},"339":{"start":{"line":340,"column":0},"end":{"line":340,"column":18}},"341":{"start":{"line":342,"column":0},"end":{"line":342,"column":17}},"342":{"start":{"line":343,"column":0},"end":{"line":343,"column":88}},"343":{"start":{"line":344,"column":0},"end":{"line":344,"column":52}},"344":{"start":{"line":345,"column":0},"end":{"line":345,"column":42}},"345":{"start":{"line":346,"column":0},"end":{"line":346,"column":68}},"346":{"start":{"line":347,"column":0},"end":{"line":347,"column":59}},"347":{"start":{"line":348,"column":0},"end":{"line":348,"column":26}},"348":{"start":{"line":349,"column":0},"end":{"line":349,"column":27}},"349":{"start":{"line":350,"column":0},"end":{"line":350,"column":32}},"350":{"start":{"line":351,"column":0},"end":{"line":351,"column":66}},"351":{"start":{"line":352,"column":0},"end":{"line":352,"column":74}},"352":{"start":{"line":353,"column":0},"end":{"line":353,"column":45}},"353":{"start":{"line":354,"column":0},"end":{"line":354,"column":33}},"354":{"start":{"line":355,"column":0},"end":{"line":355,"column":150}},"355":{"start":{"line":356,"column":0},"end":{"line":356,"column":117}},"357":{"start":{"line":358,"column":0},"end":{"line":358,"column":21}},"358":{"start":{"line":359,"column":0},"end":{"line":359,"column":33}},"359":{"start":{"line":360,"column":0},"end":{"line":360,"column":29}},"361":{"start":{"line":362,"column":0},"end":{"line":362,"column":19}},"362":{"start":{"line":363,"column":0},"end":{"line":363,"column":20}},"363":{"start":{"line":364,"column":0},"end":{"line":364,"column":18}},"364":{"start":{"line":365,"column":0},"end":{"line":365,"column":16}},"365":{"start":{"line":366,"column":0},"end":{"line":366,"column":14}},"366":{"start":{"line":367,"column":0},"end":{"line":367,"column":47}},"368":{"start":{"line":369,"column":0},"end":{"line":369,"column":13}},"369":{"start":{"line":370,"column":0},"end":{"line":370,"column":56}},"370":{"start":{"line":371,"column":0},"end":{"line":371,"column":60}},"371":{"start":{"line":372,"column":0},"end":{"line":372,"column":92}},"372":{"start":{"line":373,"column":0},"end":{"line":373,"column":16}},"373":{"start":{"line":374,"column":0},"end":{"line":374,"column":67}},"375":{"start":{"line":376,"column":0},"end":{"line":376,"column":16}},"376":{"start":{"line":377,"column":0},"end":{"line":377,"column":65}},"377":{"start":{"line":378,"column":0},"end":{"line":378,"column":119}},"378":{"start":{"line":379,"column":0},"end":{"line":379,"column":116}},"379":{"start":{"line":380,"column":0},"end":{"line":380,"column":122}},"380":{"start":{"line":381,"column":0},"end":{"line":381,"column":106}},"381":{"start":{"line":382,"column":0},"end":{"line":382,"column":119}},"382":{"start":{"line":383,"column":0},"end":{"line":383,"column":125}},"383":{"start":{"line":384,"column":0},"end":{"line":384,"column":128}},"384":{"start":{"line":385,"column":0},"end":{"line":385,"column":16}},"385":{"start":{"line":386,"column":0},"end":{"line":386,"column":14}},"386":{"start":{"line":387,"column":0},"end":{"line":387,"column":47}},"388":{"start":{"line":389,"column":0},"end":{"line":389,"column":15}},"389":{"start":{"line":390,"column":0},"end":{"line":390,"column":32}},"390":{"start":{"line":391,"column":0},"end":{"line":391,"column":33}},"391":{"start":{"line":392,"column":0},"end":{"line":392,"column":128}},"393":{"start":{"line":394,"column":0},"end":{"line":394,"column":53}},"394":{"start":{"line":395,"column":0},"end":{"line":395,"column":17}},"395":{"start":{"line":396,"column":0},"end":{"line":396,"column":12}},"396":{"start":{"line":397,"column":0},"end":{"line":397,"column":10}},"398":{"start":{"line":399,"column":0},"end":{"line":399,"column":1}}},"s":{"0":1,"11":1,"12":1,"14":62,"15":62,"17":62,"18":0,"19":0,"20":0,"21":0,"22":0,"24":0,"26":62,"27":62,"28":62,"29":62,"30":62,"31":62,"32":62,"33":62,"34":62,"35":62,"36":62,"37":62,"38":62,"39":62,"40":62,"41":62,"43":62,"44":10,"45":10,"46":0,"47":10,"49":0,"50":0,"51":0,"52":0,"53":0,"56":0,"57":0,"58":0,"59":0,"60":0,"61":0,"62":0,"63":0,"64":0,"66":0,"67":0,"68":0,"69":0,"70":10,"72":10,"73":10,"74":10,"75":10,"76":10,"77":10,"78":9,"79":10,"80":1,"81":1,"82":10,"83":0,"84":0,"85":10,"86":10,"88":62,"89":10,"90":62,"92":62,"93":35,"94":35,"96":62,"97":6,"98":1,"99":1,"100":1,"102":6,"103":29,"104":1,"105":1,"106":1,"107":29,"109":4,"110":6,"111":2,"112":2,"113":2,"115":2,"118":2,"119":1,"120":1,"121":1,"122":1,"123":1,"124":1,"125":1,"126":1,"127":1,"128":1,"130":2,"131":2,"132":2,"133":6,"134":0,"135":0,"136":0,"137":0,"138":0,"139":0,"142":2,"143":2,"144":2,"145":2,"146":2,"147":1,"148":1,"149":2,"150":6,"151":1,"152":1,"153":1,"154":1,"156":1,"157":6,"159":0,"160":0,"161":0,"162":0,"163":0,"164":0,"165":0,"166":0,"167":0,"168":0,"169":0,"170":0,"171":0,"172":0,"173":0,"174":0,"175":0,"176":0,"177":0,"178":0,"179":0,"180":0,"181":0,"182":0,"183":0,"184":0,"185":0,"186":0,"187":0,"188":0,"189":0,"190":6,"192":1,"193":1,"194":1,"195":1,"196":1,"197":1,"198":1,"199":0,"200":0,"201":0,"202":0,"203":0,"204":0,"205":0,"206":0,"207":0,"208":0,"209":1,"210":1,"211":1,"212":1,"213":1,"214":6,"215":0,"216":0,"217":0,"218":0,"219":0,"220":0,"221":0,"222":0,"223":0,"224":0,"225":0,"226":0,"227":0,"228":0,"229":0,"230":0,"231":0,"232":0,"233":1,"234":6,"236":62,"237":0,"238":0,"239":0,"240":0,"243":62,"244":62,"245":61,"246":61,"248":61,"249":61,"250":0,"251":61,"253":62,"254":62,"255":62,"257":62,"258":62,"259":62,"261":62,"262":62,"263":62,"265":62,"267":62,"268":62,"269":62,"270":62,"271":62,"272":62,"273":62,"274":62,"275":62,"276":62,"277":62,"278":62,"279":62,"280":62,"281":62,"283":62,"284":62,"285":62,"286":62,"287":62,"288":62,"289":62,"290":62,"291":62,"292":62,"293":62,"295":62,"296":62,"297":62,"298":62,"299":62,"300":62,"301":62,"302":62,"303":62,"305":62,"306":62,"307":62,"308":62,"310":62,"311":62,"312":62,"313":62,"314":62,"315":62,"317":62,"318":62,"319":62,"320":62,"321":244,"322":244,"323":244,"324":244,"325":244,"326":244,"327":244,"328":244,"329":244,"330":244,"331":244,"333":244,"334":244,"335":244,"337":62,"338":62,"339":62,"341":62,"342":62,"343":62,"344":62,"345":183,"346":183,"347":183,"348":183,"349":183,"350":183,"351":183,"352":183,"353":183,"354":183,"355":183,"357":183,"358":183,"359":183,"361":62,"362":62,"363":62,"364":62,"365":62,"366":62,"368":62,"369":62,"370":62,"371":62,"372":62,"373":62,"375":62,"376":62,"377":62,"378":62,"379":62,"380":62,"381":62,"382":62,"383":62,"384":62,"385":62,"386":62,"388":62,"389":62,"390":62,"391":62,"393":62,"394":62,"395":62,"396":62,"398":62},"branchMap":{"0":{"type":"branch","line":15,"loc":{"start":{"line":15,"column":0},"end":{"line":399,"column":1}},"locations":[{"start":{"line":15,"column":0},"end":{"line":399,"column":1}}]},"1":{"type":"branch","line":18,"loc":{"start":{"line":18,"column":21},"end":{"line":25,"column":3}},"locations":[{"start":{"line":18,"column":21},"end":{"line":25,"column":3}}]},"2":{"type":"branch","line":245,"loc":{"start":{"line":245,"column":30},"end":{"line":245,"column":59}},"locations":[{"start":{"line":245,"column":30},"end":{"line":245,"column":59}}]},"3":{"type":"branch","line":245,"loc":{"start":{"line":245,"column":46},"end":{"line":250,"column":17}},"locations":[{"start":{"line":245,"column":46},"end":{"line":250,"column":17}}]},"4":{"type":"branch","line":246,"loc":{"start":{"line":246,"column":37},"end":{"line":246,"column":79}},"locations":[{"start":{"line":246,"column":37},"end":{"line":246,"column":79}}]},"5":{"type":"branch","line":247,"loc":{"start":{"line":247,"column":35},"end":{"line":247,"column":77}},"locations":[{"start":{"line":247,"column":35},"end":{"line":247,"column":77}}]},"6":{"type":"branch","line":250,"loc":{"start":{"line":250,"column":4},"end":{"line":251,"column":106}},"locations":[{"start":{"line":250,"column":4},"end":{"line":251,"column":106}}]},"7":{"type":"branch","line":251,"loc":{"start":{"line":251,"column":104},"end":{"line":252,"column":20}},"locations":[{"start":{"line":251,"column":104},"end":{"line":252,"column":20}}]},"8":{"type":"branch","line":286,"loc":{"start":{"line":286,"column":63},"end":{"line":286,"column":96}},"locations":[{"start":{"line":286,"column":63},"end":{"line":286,"column":96}}]},"9":{"type":"branch","line":286,"loc":{"start":{"line":286,"column":91},"end":{"line":286,"column":122}},"locations":[{"start":{"line":286,"column":91},"end":{"line":286,"column":122}}]},"10":{"type":"branch","line":286,"loc":{"start":{"line":286,"column":117},"end":{"line":286,"column":169}},"locations":[{"start":{"line":286,"column":117},"end":{"line":286,"column":169}}]},"11":{"type":"branch","line":286,"loc":{"start":{"line":286,"column":122},"end":{"line":286,"column":171}},"locations":[{"start":{"line":286,"column":122},"end":{"line":286,"column":171}}]},"12":{"type":"branch","line":293,"loc":{"start":{"line":293,"column":49},"end":{"line":293,"column":82}},"locations":[{"start":{"line":293,"column":49},"end":{"line":293,"column":82}}]},"13":{"type":"branch","line":293,"loc":{"start":{"line":293,"column":77},"end":{"line":293,"column":106}},"locations":[{"start":{"line":293,"column":77},"end":{"line":293,"column":106}}]},"14":{"type":"branch","line":303,"loc":{"start":{"line":303,"column":49},"end":{"line":303,"column":82}},"locations":[{"start":{"line":303,"column":49},"end":{"line":303,"column":82}}]},"15":{"type":"branch","line":303,"loc":{"start":{"line":303,"column":77},"end":{"line":303,"column":106}},"locations":[{"start":{"line":303,"column":77},"end":{"line":303,"column":106}}]},"16":{"type":"branch","line":394,"loc":{"start":{"line":394,"column":11},"end":{"line":394,"column":41}},"locations":[{"start":{"line":394,"column":11},"end":{"line":394,"column":41}}]},"17":{"type":"branch","line":394,"loc":{"start":{"line":394,"column":26},"end":{"line":394,"column":53}},"locations":[{"start":{"line":394,"column":26},"end":{"line":394,"column":53}}]},"18":{"type":"branch","line":44,"loc":{"start":{"line":44,"column":28},"end":{"line":87,"column":4}},"locations":[{"start":{"line":44,"column":28},"end":{"line":87,"column":4}}]},"19":{"type":"branch","line":46,"loc":{"start":{"line":46,"column":29},"end":{"line":47,"column":46}},"locations":[{"start":{"line":46,"column":29},"end":{"line":47,"column":46}}]},"20":{"type":"branch","line":48,"loc":{"start":{"line":48,"column":6},"end":{"line":71,"column":11}},"locations":[{"start":{"line":48,"column":6},"end":{"line":71,"column":11}}]},"21":{"type":"branch","line":78,"loc":{"start":{"line":78,"column":20},"end":{"line":80,"column":15}},"locations":[{"start":{"line":78,"column":20},"end":{"line":80,"column":15}}]},"22":{"type":"branch","line":79,"loc":{"start":{"line":79,"column":33},"end":{"line":79,"column":53}},"locations":[{"start":{"line":79,"column":33},"end":{"line":79,"column":53}}]},"23":{"type":"branch","line":80,"loc":{"start":{"line":80,"column":8},"end":{"line":82,"column":9}},"locations":[{"start":{"line":80,"column":8},"end":{"line":82,"column":9}}]},"24":{"type":"branch","line":83,"loc":{"start":{"line":83,"column":6},"end":{"line":85,"column":7}},"locations":[{"start":{"line":83,"column":6},"end":{"line":85,"column":7}}]},"25":{"type":"branch","line":89,"loc":{"start":{"line":89,"column":12},"end":{"line":91,"column":5}},"locations":[{"start":{"line":89,"column":12},"end":{"line":91,"column":5}}]},"26":{"type":"branch","line":93,"loc":{"start":{"line":93,"column":28},"end":{"line":95,"column":4}},"locations":[{"start":{"line":93,"column":28},"end":{"line":95,"column":4}}]},"27":{"type":"branch","line":97,"loc":{"start":{"line":97,"column":23},"end":{"line":235,"column":4}},"locations":[{"start":{"line":97,"column":23},"end":{"line":235,"column":4}}]},"28":{"type":"branch","line":98,"loc":{"start":{"line":98,"column":23},"end":{"line":101,"column":5}},"locations":[{"start":{"line":98,"column":23},"end":{"line":101,"column":5}}]},"29":{"type":"branch","line":101,"loc":{"start":{"line":101,"column":4},"end":{"line":103,"column":32}},"locations":[{"start":{"line":101,"column":4},"end":{"line":103,"column":32}}]},"30":{"type":"branch","line":103,"loc":{"start":{"line":103,"column":32},"end":{"line":108,"column":5}},"locations":[{"start":{"line":103,"column":32},"end":{"line":108,"column":5}}]},"31":{"type":"branch","line":104,"loc":{"start":{"line":104,"column":26},"end":{"line":107,"column":7}},"locations":[{"start":{"line":104,"column":26},"end":{"line":107,"column":7}}]},"32":{"type":"branch","line":108,"loc":{"start":{"line":108,"column":4},"end":{"line":111,"column":42}},"locations":[{"start":{"line":108,"column":4},"end":{"line":111,"column":42}}]},"33":{"type":"branch","line":111,"loc":{"start":{"line":111,"column":42},"end":{"line":134,"column":37}},"locations":[{"start":{"line":111,"column":42},"end":{"line":134,"column":37}}]},"34":{"type":"branch","line":134,"loc":{"start":{"line":134,"column":24},"end":{"line":134,"column":51}},"locations":[{"start":{"line":134,"column":24},"end":{"line":134,"column":51}}]},"35":{"type":"branch","line":134,"loc":{"start":{"line":134,"column":51},"end":{"line":140,"column":5}},"locations":[{"start":{"line":134,"column":51},"end":{"line":140,"column":5}}]},"36":{"type":"branch","line":140,"loc":{"start":{"line":140,"column":4},"end":{"line":151,"column":32}},"locations":[{"start":{"line":140,"column":4},"end":{"line":151,"column":32}}]},"37":{"type":"branch","line":147,"loc":{"start":{"line":147,"column":16},"end":{"line":147,"column":79}},"locations":[{"start":{"line":147,"column":16},"end":{"line":147,"column":79}}]},"38":{"type":"branch","line":147,"loc":{"start":{"line":147,"column":79},"end":{"line":149,"column":7}},"locations":[{"start":{"line":147,"column":79},"end":{"line":149,"column":7}}]},"39":{"type":"branch","line":151,"loc":{"start":{"line":151,"column":32},"end":{"line":158,"column":37}},"locations":[{"start":{"line":151,"column":32},"end":{"line":158,"column":37}}]},"40":{"type":"branch","line":158,"loc":{"start":{"line":158,"column":24},"end":{"line":158,"column":51}},"locations":[{"start":{"line":158,"column":24},"end":{"line":158,"column":51}}]},"41":{"type":"branch","line":158,"loc":{"start":{"line":158,"column":51},"end":{"line":191,"column":11}},"locations":[{"start":{"line":158,"column":51},"end":{"line":191,"column":11}}]},"42":{"type":"branch","line":191,"loc":{"start":{"line":191,"column":4},"end":{"line":215,"column":20}},"locations":[{"start":{"line":191,"column":4},"end":{"line":215,"column":20}}]},"43":{"type":"branch","line":199,"loc":{"start":{"line":199,"column":9},"end":{"line":209,"column":9}},"locations":[{"start":{"line":199,"column":9},"end":{"line":209,"column":9}}]},"44":{"type":"branch","line":215,"loc":{"start":{"line":215,"column":20},"end":{"line":233,"column":5}},"locations":[{"start":{"line":215,"column":20},"end":{"line":233,"column":5}}]},"45":{"type":"branch","line":233,"loc":{"start":{"line":233,"column":4},"end":{"line":234,"column":27}},"locations":[{"start":{"line":233,"column":4},"end":{"line":234,"column":27}}]},"46":{"type":"branch","line":119,"loc":{"start":{"line":119,"column":25},"end":{"line":129,"column":7}},"locations":[{"start":{"line":119,"column":25},"end":{"line":129,"column":7}}]},"47":{"type":"branch","line":321,"loc":{"start":{"line":321,"column":34},"end":{"line":338,"column":17}},"locations":[{"start":{"line":321,"column":34},"end":{"line":338,"column":17}}]},"48":{"type":"branch","line":327,"loc":{"start":{"line":327,"column":31},"end":{"line":327,"column":56}},"locations":[{"start":{"line":327,"column":31},"end":{"line":327,"column":56}}]},"49":{"type":"branch","line":327,"loc":{"start":{"line":327,"column":44},"end":{"line":327,"column":66}},"locations":[{"start":{"line":327,"column":44},"end":{"line":327,"column":66}}]},"50":{"type":"branch","line":331,"loc":{"start":{"line":331,"column":27},"end":{"line":331,"column":95}},"locations":[{"start":{"line":331,"column":27},"end":{"line":331,"column":95}}]},"51":{"type":"branch","line":331,"loc":{"start":{"line":331,"column":41},"end":{"line":331,"column":145}},"locations":[{"start":{"line":331,"column":41},"end":{"line":331,"column":145}}]},"52":{"type":"branch","line":332,"loc":{"start":{"line":332,"column":27},"end":{"line":332,"column":67}},"locations":[{"start":{"line":332,"column":27},"end":{"line":332,"column":67}}]},"53":{"type":"branch","line":332,"loc":{"start":{"line":332,"column":40},"end":{"line":332,"column":69}},"locations":[{"start":{"line":332,"column":40},"end":{"line":332,"column":69}}]},"54":{"type":"branch","line":328,"loc":{"start":{"line":328,"column":31},"end":{"line":328,"column":74}},"locations":[{"start":{"line":328,"column":31},"end":{"line":328,"column":74}}]},"55":{"type":"branch","line":345,"loc":{"start":{"line":345,"column":31},"end":{"line":362,"column":17}},"locations":[{"start":{"line":345,"column":31},"end":{"line":362,"column":17}}]},"56":{"type":"branch","line":351,"loc":{"start":{"line":351,"column":31},"end":{"line":351,"column":56}},"locations":[{"start":{"line":351,"column":31},"end":{"line":351,"column":56}}]},"57":{"type":"branch","line":355,"loc":{"start":{"line":355,"column":27},"end":{"line":355,"column":95}},"locations":[{"start":{"line":355,"column":27},"end":{"line":355,"column":95}}]},"58":{"type":"branch","line":355,"loc":{"start":{"line":355,"column":41},"end":{"line":355,"column":145}},"locations":[{"start":{"line":355,"column":41},"end":{"line":355,"column":145}}]},"59":{"type":"branch","line":356,"loc":{"start":{"line":356,"column":27},"end":{"line":356,"column":67}},"locations":[{"start":{"line":356,"column":27},"end":{"line":356,"column":67}}]}},"b":{"0":[62],"1":[0],"2":[0],"3":[61],"4":[0],"5":[0],"6":[0],"7":[61],"8":[61],"9":[61],"10":[61],"11":[0],"12":[61],"13":[61],"14":[61],"15":[61],"16":[3],"17":[58],"18":[10],"19":[0],"20":[0],"21":[9],"22":[0],"23":[1],"24":[0],"25":[10],"26":[35],"27":[6],"28":[1],"29":[5],"30":[29],"31":[1],"32":[4],"33":[2],"34":[0],"35":[0],"36":[2],"37":[1],"38":[1],"39":[1],"40":[0],"41":[0],"42":[1],"43":[0],"44":[0],"45":[1],"46":[1],"47":[244],"48":[43],"49":[201],"50":[236],"51":[8],"52":[43],"53":[201],"54":[6],"55":[183],"56":[0],"57":[177],"58":[6],"59":[0]},"fnMap":{"0":{"name":"GuestParkingBookingApp","decl":{"start":{"line":15,"column":0},"end":{"line":399,"column":1}},"loc":{"start":{"line":15,"column":0},"end":{"line":399,"column":1}},"line":15},"1":{"name":"fetchAvailability","decl":{"start":{"line":44,"column":28},"end":{"line":87,"column":4}},"loc":{"start":{"line":44,"column":28},"end":{"line":87,"column":4}},"line":44},"2":{"name":"handleInputChange","decl":{"start":{"line":93,"column":28},"end":{"line":95,"column":4}},"loc":{"start":{"line":93,"column":28},"end":{"line":95,"column":4}},"line":93},"3":{"name":"handleSubmit","decl":{"start":{"line":97,"column":23},"end":{"line":235,"column":4}},"loc":{"start":{"line":97,"column":23},"end":{"line":235,"column":4}},"line":97},"4":{"name":"buildPayload","decl":{"start":{"line":119,"column":25},"end":{"line":129,"column":7}},"loc":{"start":{"line":119,"column":25},"end":{"line":129,"column":7}},"line":119},"5":{"name":"renderWeekend","decl":{"start":{"line":237,"column":24},"end":{"line":241,"column":4}},"loc":{"start":{"line":237,"column":24},"end":{"line":241,"column":4}},"line":237},"6":{"name":"onChange","decl":{"start":{"line":275,"column":22},"end":{"line":275,"column":54}},"loc":{"start":{"line":275,"column":22},"end":{"line":275,"column":54}},"line":275},"7":{"name":"onChange","decl":{"start":{"line":292,"column":26},"end":{"line":292,"column":57}},"loc":{"start":{"line":292,"column":26},"end":{"line":292,"column":57}},"line":292},"8":{"name":"onChange","decl":{"start":{"line":302,"column":26},"end":{"line":302,"column":58}},"loc":{"start":{"line":302,"column":26},"end":{"line":302,"column":58}},"line":302},"9":{"name":"onClick","decl":{"start":{"line":328,"column":31},"end":{"line":328,"column":74}},"loc":{"start":{"line":328,"column":31},"end":{"line":328,"column":74}},"line":328},"10":{"name":"onClick","decl":{"start":{"line":352,"column":31},"end":{"line":352,"column":74}},"loc":{"start":{"line":352,"column":31},"end":{"line":352,"column":74}},"line":352}},"f":{"0":62,"1":10,"2":35,"3":6,"4":1,"5":0,"6":0,"7":0,"8":0,"9":6,"10":0}}
,"/Users/scott/Documents/Projects/guest-parking/frontend/src/main.jsx": {"path":"/Users/scott/Documents/Projects/guest-parking/frontend/src/main.jsx","all":true,"statementMap":{"0":{"start":{"line":1,"column":0},"end":{"line":1,"column":0}},"4":{"start":{"line":5,"column":0},"end":{"line":5,"column":26}},"5":{"start":{"line":6,"column":0},"end":{"line":6,"column":40}},"6":{"start":{"line":7,"column":0},"end":{"line":7,"column":20}},"7":{"start":{"line":8,"column":0},"end":{"line":8,"column":64}},"8":{"start":{"line":9,"column":0},"end":{"line":9,"column":47}},"9":{"start":{"line":10,"column":0},"end":{"line":10,"column":68}},"11":{"start":{"line":12,"column":0},"end":{"line":12,"column":60}},"12":{"start":{"line":13,"column":0},"end":{"line":13,"column":20}},"13":{"start":{"line":14,"column":0},"end":{"line":14,"column":19}},"14":{"start":{"line":15,"column":0},"end":{"line":15,"column":14}},"15":{"start":{"line":16,"column":0},"end":{"line":16,"column":63}},"16":{"start":{"line":17,"column":0},"end":{"line":17,"column":55}},"17":{"start":{"line":18,"column":0},"end":{"line":18,"column":15}},"18":{"start":{"line":19,"column":0},"end":{"line":19,"column":20}},"19":{"start":{"line":20,"column":0},"end":{"line":20,"column":22}},"20":{"start":{"line":21,"column":0},"end":{"line":21,"column":2}}},"s":{"0":0,"4":0,"5":0,"6":0,"7":0,"8":0,"9":0,"11":0,"12":0,"13":0,"14":0,"15":0,"16":0,"17":0,"18":0,"19":0,"20":0},"branchMap":{"0":{"type":"branch","line":1,"loc":{"start":{"line":1,"column":586},"end":{"line":21,"column":2}},"locations":[{"start":{"line":1,"column":586},"end":{"line":21,"column":2}}]}},"b":{"0":[0]},"fnMap":{"0":{"name":"(empty-report)","decl":{"start":{"line":1,"column":586},"end":{"line":21,"column":2}},"loc":{"start":{"line":1,"column":586},"end":{"line":21,"column":2}},"line":1}},"f":{"0":0}}
,"/Users/scott/Documents/Projects/guest-parking/frontend/src/components/ui/button.jsx": {"path":"/Users/scott/Documents/Projects/guest-parking/frontend/src/components/ui/button.jsx","all":false,"statementMap":{"0":{"start":{"line":1,"column":0},"end":{"line":1,"column":31}},"1":{"start":{"line":2,"column":0},"end":{"line":2,"column":85}},"2":{"start":{"line":3,"column":0},"end":{"line":3,"column":49}},"3":{"start":{"line":4,"column":0},"end":{"line":4,"column":20}},"4":{"start":{"line":5,"column":0},"end":{"line":5,"column":56}},"5":{"start":{"line":6,"column":0},"end":{"line":6,"column":70}},"6":{"start":{"line":7,"column":0},"end":{"line":7,"column":58}},"7":{"start":{"line":8,"column":0},"end":{"line":8,"column":4}},"8":{"start":{"line":9,"column":0},"end":{"line":9,"column":10}},"9":{"start":{"line":10,"column":0},"end":{"line":10,"column":79}},"10":{"start":{"line":11,"column":0},"end":{"line":11,"column":16}},"11":{"start":{"line":12,"column":0},"end":{"line":12,"column":13}},"13":{"start":{"line":14,"column":0},"end":{"line":14,"column":1}}},"s":{"0":1,"1":1,"2":512,"3":512,"4":512,"5":512,"6":512,"7":512,"8":512,"9":512,"10":512,"11":512,"13":512},"branchMap":{"0":{"type":"branch","line":2,"loc":{"start":{"line":2,"column":7},"end":{"line":14,"column":1}},"locations":[{"start":{"line":2,"column":7},"end":{"line":14,"column":1}}]}},"b":{"0":[512]},"fnMap":{"0":{"name":"Button","decl":{"start":{"line":2,"column":7},"end":{"line":14,"column":1}},"loc":{"start":{"line":2,"column":7},"end":{"line":14,"column":1}},"line":2}},"f":{"0":512}}
,"/Users/scott/Documents/Projects/guest-parking/frontend/src/components/ui/card.jsx": {"path":"/Users/scott/Documents/Projects/guest-parking/frontend/src/components/ui/card.jsx","all":false,"statementMap":{"0":{"start":{"line":1,"column":0},"end":{"line":1,"column":25}},"4":{"start":{"line":5,"column":0},"end":{"line":5,"column":66}},"5":{"start":{"line":6,"column":0},"end":{"line":6,"column":10}},"6":{"start":{"line":7,"column":0},"end":{"line":7,"column":8}},"7":{"start":{"line":8,"column":0},"end":{"line":8,"column":15}},"8":{"start":{"line":9,"column":0},"end":{"line":9,"column":72}},"9":{"start":{"line":10,"column":0},"end":{"line":10,"column":16}},"10":{"start":{"line":11,"column":0},"end":{"line":11,"column":6}},"12":{"start":{"line":13,"column":0},"end":{"line":13,"column":3}},"14":{"start":{"line":15,"column":0},"end":{"line":15,"column":57}},"15":{"start":{"line":16,"column":0},"end":{"line":16,"column":10}},"16":{"start":{"line":17,"column":0},"end":{"line":17,"column":57}},"18":{"start":{"line":19,"column":0},"end":{"line":19,"column":2}}},"s":{"0":1,"4":1,"5":5,"6":5,"7":5,"8":5,"9":5,"10":5,"12":5,"14":1,"15":5,"16":5,"18":5},"branchMap":{"0":{"type":"branch","line":5,"loc":{"start":{"line":5,"column":31},"end":{"line":13,"column":3}},"locations":[{"start":{"line":5,"column":31},"end":{"line":13,"column":3}}]},"1":{"type":"branch","line":15,"loc":{"start":{"line":15,"column":27},"end":{"line":19,"column":2}},"locations":[{"start":{"line":15,"column":27},"end":{"line":19,"column":2}}]}},"b":{"0":[5],"1":[5]},"fnMap":{"0":{"name":"CardContent","decl":{"start":{"line":15,"column":27},"end":{"line":19,"column":2}},"loc":{"start":{"line":15,"column":27},"end":{"line":19,"column":2}},"line":15}},"f":{"0":5}}
,"/Users/scott/Documents/Projects/guest-parking/frontend/src/components/ui/input.jsx": {"path":"/Users/scott/Documents/Projects/guest-parking/frontend/src/components/ui/input.jsx","all":false,"statementMap":{"0":{"start":{"line":1,"column":0},"end":{"line":1,"column":30}},"1":{"start":{"line":2,"column":0},"end":{"line":2,"column":53}},"2":{"start":{"line":3,"column":0},"end":{"line":3,"column":83}},"3":{"start":{"line":4,"column":0},"end":{"line":4,"column":1}}},"s":{"0":1,"1":1,"2":446,"3":446},"branchMap":{"0":{"type":"branch","line":2,"loc":{"start":{"line":2,"column":7},"end":{"line":4,"column":1}},"locations":[{"start":{"line":2,"column":7},"end":{"line":4,"column":1}}]}},"b":{"0":[446]},"fnMap":{"0":{"name":"Input","decl":{"start":{"line":2,"column":7},"end":{"line":4,"column":1}},"loc":{"start":{"line":2,"column":7},"end":{"line":4,"column":1}},"line":2}},"f":{"0":446}}
}
