TN:
SF:middleware/security.js
FN:59,(anonymous_0)
FN:61,(anonymous_1)
FN:72,(anonymous_2)
FN:81,(anonymous_3)
FN:92,(anonymous_4)
FN:107,(anonymous_5)
FNF:6
FNH:5
FNDA:19,(anonymous_0)
FNDA:7,(anonymous_1)
FNDA:0,(anonymous_2)
FNDA:7,(anonymous_3)
FNDA:21,(anonymous_4)
FNDA:20,(anonymous_5)
DA:1,1
DA:2,1
DA:5,1
DA:17,1
DA:29,1
DA:41,1
DA:59,1
DA:61,19
DA:62,7
DA:63,7
DA:71,19
DA:72,0
DA:73,0
DA:74,0
DA:80,19
DA:81,19
DA:82,7
DA:83,7
DA:88,19
DA:92,1
DA:93,21
DA:94,21
DA:96,21
DA:97,1
DA:103,20
DA:107,1
DA:108,20
DA:109,8
DA:110,8
DA:111,1
DA:117,19
DA:120,1
LF:32
LH:29
BRDA:7,0,0,1
BRDA:7,0,1,0
BRDA:19,1,0,1
BRDA:19,1,1,0
BRDA:31,2,0,1
BRDA:31,2,1,0
BRDA:62,3,0,0
BRDA:62,3,1,7
BRDA:71,4,0,0
BRDA:71,4,1,19
BRDA:73,5,0,0
BRDA:73,5,1,0
BRDA:80,6,0,19
BRDA:80,6,1,0
BRDA:82,7,0,7
BRDA:82,7,1,0
BRDA:96,8,0,1
BRDA:96,8,1,20
BRDA:108,9,0,8
BRDA:108,9,1,12
BRDA:108,10,0,20
BRDA:108,10,1,12
BRDA:110,11,0,1
BRDA:110,11,1,7
BRDA:110,12,0,8
BRDA:110,12,1,8
BRF:26
BRH:17
end_of_record
TN:
SF:middleware/validation.js
FN:11,(anonymous_0)
FN:115,(anonymous_1)
FN:139,(anonymous_2)
FN:139,(anonymous_3)
FN:236,(anonymous_4)
FN:255,(anonymous_5)
FN:260,(anonymous_6)
FN:271,(anonymous_7)
FN:275,(anonymous_8)
FNF:9
FNH:9
FNDA:38,(anonymous_0)
FNDA:3,(anonymous_1)
FNDA:11,(anonymous_2)
FNDA:7,(anonymous_3)
FNDA:8,(anonymous_4)
FNDA:50,(anonymous_5)
FNDA:56,(anonymous_6)
FNDA:7,(anonymous_7)
FNDA:42,(anonymous_8)
DA:1,2
DA:4,2
DA:12,38
DA:13,38
DA:14,38
DA:16,38
DA:17,2
DA:21,36
DA:22,36
DA:24,36
DA:25,1
DA:28,35
DA:108,2
DA:116,3
DA:117,0
DA:120,3
DA:121,3
DA:123,3
DA:124,5
DA:125,0
DA:128,5
DA:129,5
DA:130,0
DA:133,5
DA:134,1
DA:138,4
DA:139,11
DA:140,4
DA:141,7
DA:142,7
DA:143,7
DA:144,1
DA:150,1
DA:230,2
DA:237,8
DA:238,8
DA:239,2
DA:241,6
DA:246,2
DA:255,2
DA:256,50
DA:257,50
DA:258,20
DA:260,56
DA:267,30
DA:271,2
DA:273,7
DA:275,7
DA:276,42
DA:277,37
DA:282,7
DA:283,7
DA:287,7
DA:288,7
DA:291,7
DA:294,2
LF:56
LH:53
BRDA:16,0,0,2
BRDA:16,0,1,36
BRDA:24,1,0,1
BRDA:24,1,1,35
BRDA:116,2,0,0
BRDA:116,2,1,3
BRDA:124,3,0,0
BRDA:124,3,1,5
BRDA:124,4,0,5
BRDA:124,4,1,5
BRDA:129,5,0,0
BRDA:129,5,1,5
BRDA:133,6,0,1
BRDA:133,6,1,4
BRDA:138,7,0,4
BRDA:138,7,1,0
BRDA:143,8,0,1
BRDA:143,8,1,6
BRDA:238,9,0,2
BRDA:238,9,1,6
BRDA:257,10,0,20
BRDA:257,10,1,30
BRDA:276,11,0,37
BRDA:276,11,1,5
BRDA:282,12,0,7
BRDA:282,12,1,0
BRDA:287,13,0,7
BRDA:287,13,1,0
BRF:28
BRH:22
end_of_record
TN:
SF:routes/bookings.js
FN:20,safeQuery
FN:26,(anonymous_1)
FN:37,(anonymous_2)
FN:58,(anonymous_3)
FN:65,(anonymous_4)
FN:67,(anonymous_5)
FN:78,(anonymous_6)
FN:95,(anonymous_7)
FN:116,(anonymous_8)
FN:179,(anonymous_9)
FN:220,(anonymous_10)
FN:242,(anonymous_11)
FNF:12
FNH:9
FNDA:11,safeQuery
FNDA:0,(anonymous_1)
FNDA:0,(anonymous_2)
FNDA:6,(anonymous_3)
FNDA:2,(anonymous_4)
FNDA:42,(anonymous_5)
FNDA:1,(anonymous_6)
FNDA:0,(anonymous_7)
FNDA:3,(anonymous_8)
FNDA:1,(anonymous_9)
FNDA:3,(anonymous_10)
FNDA:1,(anonymous_11)
DA:1,1
DA:2,1
DA:3,1
DA:4,1
DA:5,1
DA:13,1
DA:18,1
DA:21,11
DA:22,11
DA:24,1
DA:25,0
DA:26,0
DA:27,0
DA:29,1
DA:34,1
DA:37,1
DA:38,0
DA:39,0
DA:45,0
DA:46,0
DA:48,0
DA:49,0
DA:54,1
DA:59,6
DA:60,6
DA:61,6
DA:65,6
DA:66,6
DA:67,42
DA:68,6
DA:70,0
DA:76,1
DA:79,1
DA:80,1
DA:83,1
DA:85,0
DA:86,0
DA:91,1
DA:96,0
DA:97,0
DA:98,0
DA:99,0
DA:100,0
DA:102,0
DA:104,0
DA:105,0
DA:111,1
DA:120,3
DA:122,3
DA:124,3
DA:126,3
DA:137,2
DA:138,2
DA:155,2
DA:157,0
DA:160,2
DA:163,1
DA:165,1
DA:166,1
DA:169,0
DA:174,1
DA:184,1
DA:186,1
DA:187,1
DA:188,1
DA:189,1
DA:191,3
DA:195,3
DA:196,0
DA:198,3
DA:209,1
DA:212,1
DA:220,3
DA:233,1
DA:235,0
DA:236,0
DA:238,1
DA:242,1
DA:243,1
DA:244,1
DA:245,1
DA:247,0
DA:248,0
DA:253,1
LF:84
LH:57
BRDA:20,0,0,2
BRDA:20,1,0,11
BRDA:24,2,0,0
BRDA:24,2,1,1
BRDA:24,3,0,1
BRDA:24,3,1,0
BRDA:99,4,0,0
BRDA:99,4,1,0
BRDA:122,5,0,3
BRDA:122,5,1,0
BRDA:165,6,0,1
BRDA:165,6,1,0
BRDA:195,7,0,0
BRDA:195,7,1,3
BRF:14
BRH:7
end_of_record
